Copyright 1986-2018 Xilinx, Inc. All Rights Reserved.
-----------------------------------------------------------------------------------------------------------------------------------------------------------------------------------------
| Tool Version : Vivado v.2018.2 (win64) Build 2258646 Thu Jun 14 20:03:12 MDT 2018
| Date         : Fri Jul 29 13:14:25 2022
| Host         : LAPTOP-HCMN7SBA running 64-bit major release  (build 9200)
| Command      : report_timing_summary -max_paths 10 -file System_timing_summary_routed.rpt -pb System_timing_summary_routed.pb -rpx System_timing_summary_routed.rpx -warn_on_violation
| Design       : System
| Device       : 7a35t-cpg236
| Speed File   : -1  PRODUCTION 1.22 2018-03-21
-----------------------------------------------------------------------------------------------------------------------------------------------------------------------------------------

Timing Summary Report

------------------------------------------------------------------------------------------------
| Timer Settings
| --------------
------------------------------------------------------------------------------------------------

  Enable Multi Corner Analysis               :  Yes
  Enable Pessimism Removal                   :  Yes
  Pessimism Removal Resolution               :  Nearest Common Node
  Enable Input Delay Default Clock           :  No
  Enable Preset / Clear Arcs                 :  No
  Disable Flight Delays                      :  No
  Ignore I/O Paths                           :  No
  Timing Early Launch at Borrowing Latches   :  false

  Corner  Analyze    Analyze    
  Name    Max Paths  Min Paths  
  ------  ---------  ---------  
  Slow    Yes        Yes        
  Fast    Yes        Yes        



check_timing report

Table of Contents
-----------------
1. checking no_clock
2. checking constant_clock
3. checking pulse_width_clock
4. checking unconstrained_internal_endpoints
5. checking no_input_delay
6. checking no_output_delay
7. checking multiple_clock
8. checking generated_clocks
9. checking loops
10. checking partial_input_delay
11. checking partial_output_delay
12. checking latch_loops

1. checking no_clock
--------------------
 There are 19 register/latch pins with no clock driven by root clock pin: SlowClock0/clockStatus_reg/Q (HIGH)


2. checking constant_clock
--------------------------
 There are 0 register/latch pins with constant_clock.


3. checking pulse_width_clock
-----------------------------
 There are 0 register/latch pins which need pulse_width check


4. checking unconstrained_internal_endpoints
--------------------------------------------
 There are 51 pins that are not constrained for maximum delay. (HIGH)

 There are 0 pins that are not constrained for maximum delay due to constant clock.


5. checking no_input_delay
--------------------------
 There is 1 input port with no input delay specified. (HIGH)

 There are 0 input ports with no input delay but user has a false path constraint.


6. checking no_output_delay
---------------------------
 There are 13 ports with no output delay specified. (HIGH)

 There are 0 ports with no output delay but user has a false path constraint

 There are 0 ports with no output delay but with a timing clock defined on it or propagating through it


7. checking multiple_clock
--------------------------
 There are 0 register/latch pins with multiple clocks.


8. checking generated_clocks
----------------------------
 There are 0 generated clocks that are not connected to a clock source.


9. checking loops
-----------------
 There are 0 combinational loops in the design.


10. checking partial_input_delay
--------------------------------
 There are 0 input ports with partial input delay specified.


11. checking partial_output_delay
---------------------------------
 There are 0 ports with partial output delay specified.


12. checking latch_loops
------------------------
 There are 0 combinational latch loops in the design through latch input



------------------------------------------------------------------------------------------------
| Design Timing Summary
| ---------------------
------------------------------------------------------------------------------------------------

    WNS(ns)      TNS(ns)  TNS Failing Endpoints  TNS Total Endpoints      WHS(ns)      THS(ns)  THS Failing Endpoints  THS Total Endpoints     WPWS(ns)     TPWS(ns)  TPWS Failing Endpoints  TPWS Total Endpoints  
    -------      -------  ---------------------  -------------------      -------      -------  ---------------------  -------------------     --------     --------  ----------------------  --------------------  
      5.008        0.000                      0                   64        0.265        0.000                      0                   64        4.500        0.000                       0                    34  


All user specified timing constraints are met.


------------------------------------------------------------------------------------------------
| Clock Summary
| -------------
------------------------------------------------------------------------------------------------

Clock        Waveform(ns)       Period(ns)      Frequency(MHz)
-----        ------------       ----------      --------------
sys_clk_pin  {0.000 5.000}      10.000          100.000         


------------------------------------------------------------------------------------------------
| Intra Clock Table
| -----------------
------------------------------------------------------------------------------------------------

Clock             WNS(ns)      TNS(ns)  TNS Failing Endpoints  TNS Total Endpoints      WHS(ns)      THS(ns)  THS Failing Endpoints  THS Total Endpoints     WPWS(ns)     TPWS(ns)  TPWS Failing Endpoints  TPWS Total Endpoints  
-----             -------      -------  ---------------------  -------------------      -------      -------  ---------------------  -------------------     --------     --------  ----------------------  --------------------  
sys_clk_pin         5.008        0.000                      0                   64        0.265        0.000                      0                   64        4.500        0.000                       0                    34  


------------------------------------------------------------------------------------------------
| Inter Clock Table
| -----------------
------------------------------------------------------------------------------------------------

From Clock    To Clock          WNS(ns)      TNS(ns)  TNS Failing Endpoints  TNS Total Endpoints      WHS(ns)      THS(ns)  THS Failing Endpoints  THS Total Endpoints  
----------    --------          -------      -------  ---------------------  -------------------      -------      -------  ---------------------  -------------------  


------------------------------------------------------------------------------------------------
| Other Path Groups Table
| -----------------------
------------------------------------------------------------------------------------------------

Path Group    From Clock    To Clock          WNS(ns)      TNS(ns)  TNS Failing Endpoints  TNS Total Endpoints      WHS(ns)      THS(ns)  THS Failing Endpoints  THS Total Endpoints  
----------    ----------    --------          -------      -------  ---------------------  -------------------      -------      -------  ---------------------  -------------------  


------------------------------------------------------------------------------------------------
| Timing Details
| --------------
------------------------------------------------------------------------------------------------


---------------------------------------------------------------------------------------------------
From Clock:  sys_clk_pin
  To Clock:  sys_clk_pin

Setup :            0  Failing Endpoints,  Worst Slack        5.008ns,  Total Violation        0.000ns
Hold  :            0  Failing Endpoints,  Worst Slack        0.265ns,  Total Violation        0.000ns
PW    :            0  Failing Endpoints,  Worst Slack        4.500ns,  Total Violation        0.000ns
---------------------------------------------------------------------------------------------------


Max Delay Paths
--------------------------------------------------------------------------------------
Slack (MET) :             5.008ns  (required time - arrival time)
  Source:                 SlowClock0/Count_reg[4]/C
                            (rising edge-triggered cell FDRE clocked by sys_clk_pin  {rise@0.000ns fall@5.000ns period=10.000ns})
  Destination:            SlowClock0/Count_reg[29]/R
                            (rising edge-triggered cell FDRE clocked by sys_clk_pin  {rise@0.000ns fall@5.000ns period=10.000ns})
  Path Group:             sys_clk_pin
  Path Type:              Setup (Max at Slow Process Corner)
  Requirement:            10.000ns  (sys_clk_pin rise@10.000ns - sys_clk_pin rise@0.000ns)
  Data Path Delay:        4.391ns  (logic 1.086ns (24.734%)  route 3.305ns (75.266%))
  Logic Levels:           3  (LUT4=2 LUT5=1)
  Clock Path Skew:        -0.042ns (DCD - SCD + CPR)
    Destination Clock Delay (DCD):    4.778ns = ( 14.778 - 10.000 ) 
    Source Clock Delay      (SCD):    5.080ns
    Clock Pessimism Removal (CPR):    0.260ns
  Clock Uncertainty:      0.035ns  ((TSJ^2 + TIJ^2)^1/2 + DJ) / 2 + PE
    Total System Jitter     (TSJ):    0.071ns
    Total Input Jitter      (TIJ):    0.000ns
    Discrete Jitter          (DJ):    0.000ns
    Phase Error              (PE):    0.000ns

    Location             Delay type                Incr(ns)  Path(ns)    Netlist Resource(s)
  -------------------------------------------------------------------    -------------------
                         (clock sys_clk_pin rise edge)
                                                      0.000     0.000 r  
    W5                                                0.000     0.000 r  Clk (IN)
                         net (fo=0)                   0.000     0.000    Clk
    W5                   IBUF (Prop_ibuf_I_O)         1.458     1.458 r  Clk_IBUF_inst/O
                         net (fo=1, routed)           1.967     3.425    Clk_IBUF
    BUFGCTRL_X0Y0        BUFG (Prop_bufg_I_O)         0.096     3.521 r  Clk_IBUF_BUFG_inst/O
                         net (fo=33, routed)          1.559     5.080    SlowClock0/Clk_IBUF_BUFG
    SLICE_X54Y19         FDRE                                         r  SlowClock0/Count_reg[4]/C
  -------------------------------------------------------------------    -------------------
    SLICE_X54Y19         FDRE (Prop_fdre_C_Q)         0.518     5.598 f  SlowClock0/Count_reg[4]/Q
                         net (fo=2, routed)           0.809     6.408    SlowClock0/Count[4]
    SLICE_X55Y20         LUT4 (Prop_lut4_I1_O)        0.124     6.532 f  SlowClock0/Count[31]_i_7/O
                         net (fo=1, routed)           0.553     7.085    SlowClock0/Count[31]_i_7_n_0
    SLICE_X55Y19         LUT5 (Prop_lut5_I4_O)        0.118     7.203 f  SlowClock0/Count[31]_i_3/O
                         net (fo=2, routed)           0.591     7.793    SlowClock0/Count[31]_i_3_n_0
    SLICE_X55Y20         LUT4 (Prop_lut4_I1_O)        0.326     8.119 r  SlowClock0/Count[31]_i_1/O
                         net (fo=31, routed)          1.352     9.471    SlowClock0/clockStatus
    SLICE_X54Y26         FDRE                                         r  SlowClock0/Count_reg[29]/R
  -------------------------------------------------------------------    -------------------

                         (clock sys_clk_pin rise edge)
                                                     10.000    10.000 r  
    W5                                                0.000    10.000 r  Clk (IN)
                         net (fo=0)                   0.000    10.000    Clk
    W5                   IBUF (Prop_ibuf_I_O)         1.388    11.388 r  Clk_IBUF_inst/O
                         net (fo=1, routed)           1.862    13.250    Clk_IBUF
    BUFGCTRL_X0Y0        BUFG (Prop_bufg_I_O)         0.091    13.341 r  Clk_IBUF_BUFG_inst/O
                         net (fo=33, routed)          1.437    14.778    SlowClock0/Clk_IBUF_BUFG
    SLICE_X54Y26         FDRE                                         r  SlowClock0/Count_reg[29]/C
                         clock pessimism              0.260    15.038    
                         clock uncertainty           -0.035    15.003    
    SLICE_X54Y26         FDRE (Setup_fdre_C_R)       -0.524    14.479    SlowClock0/Count_reg[29]
  -------------------------------------------------------------------
                         required time                         14.479    
                         arrival time                          -9.471    
  -------------------------------------------------------------------
                         slack                                  5.008    

Slack (MET) :             5.008ns  (required time - arrival time)
  Source:                 SlowClock0/Count_reg[4]/C
                            (rising edge-triggered cell FDRE clocked by sys_clk_pin  {rise@0.000ns fall@5.000ns period=10.000ns})
  Destination:            SlowClock0/Count_reg[30]/R
                            (rising edge-triggered cell FDRE clocked by sys_clk_pin  {rise@0.000ns fall@5.000ns period=10.000ns})
  Path Group:             sys_clk_pin
  Path Type:              Setup (Max at Slow Process Corner)
  Requirement:            10.000ns  (sys_clk_pin rise@10.000ns - sys_clk_pin rise@0.000ns)
  Data Path Delay:        4.391ns  (logic 1.086ns (24.734%)  route 3.305ns (75.266%))
  Logic Levels:           3  (LUT4=2 LUT5=1)
  Clock Path Skew:        -0.042ns (DCD - SCD + CPR)
    Destination Clock Delay (DCD):    4.778ns = ( 14.778 - 10.000 ) 
    Source Clock Delay      (SCD):    5.080ns
    Clock Pessimism Removal (CPR):    0.260ns
  Clock Uncertainty:      0.035ns  ((TSJ^2 + TIJ^2)^1/2 + DJ) / 2 + PE
    Total System Jitter     (TSJ):    0.071ns
    Total Input Jitter      (TIJ):    0.000ns
    Discrete Jitter          (DJ):    0.000ns
    Phase Error              (PE):    0.000ns

    Location             Delay type                Incr(ns)  Path(ns)    Netlist Resource(s)
  -------------------------------------------------------------------    -------------------
                         (clock sys_clk_pin rise edge)
                                                      0.000     0.000 r  
    W5                                                0.000     0.000 r  Clk (IN)
                         net (fo=0)                   0.000     0.000    Clk
    W5                   IBUF (Prop_ibuf_I_O)         1.458     1.458 r  Clk_IBUF_inst/O
                         net (fo=1, routed)           1.967     3.425    Clk_IBUF
    BUFGCTRL_X0Y0        BUFG (Prop_bufg_I_O)         0.096     3.521 r  Clk_IBUF_BUFG_inst/O
                         net (fo=33, routed)          1.559     5.080    SlowClock0/Clk_IBUF_BUFG
    SLICE_X54Y19         FDRE                                         r  SlowClock0/Count_reg[4]/C
  -------------------------------------------------------------------    -------------------
    SLICE_X54Y19         FDRE (Prop_fdre_C_Q)         0.518     5.598 f  SlowClock0/Count_reg[4]/Q
                         net (fo=2, routed)           0.809     6.408    SlowClock0/Count[4]
    SLICE_X55Y20         LUT4 (Prop_lut4_I1_O)        0.124     6.532 f  SlowClock0/Count[31]_i_7/O
                         net (fo=1, routed)           0.553     7.085    SlowClock0/Count[31]_i_7_n_0
    SLICE_X55Y19         LUT5 (Prop_lut5_I4_O)        0.118     7.203 f  SlowClock0/Count[31]_i_3/O
                         net (fo=2, routed)           0.591     7.793    SlowClock0/Count[31]_i_3_n_0
    SLICE_X55Y20         LUT4 (Prop_lut4_I1_O)        0.326     8.119 r  SlowClock0/Count[31]_i_1/O
                         net (fo=31, routed)          1.352     9.471    SlowClock0/clockStatus
    SLICE_X54Y26         FDRE                                         r  SlowClock0/Count_reg[30]/R
  -------------------------------------------------------------------    -------------------

                         (clock sys_clk_pin rise edge)
                                                     10.000    10.000 r  
    W5                                                0.000    10.000 r  Clk (IN)
                         net (fo=0)                   0.000    10.000    Clk
    W5                   IBUF (Prop_ibuf_I_O)         1.388    11.388 r  Clk_IBUF_inst/O
                         net (fo=1, routed)           1.862    13.250    Clk_IBUF
    BUFGCTRL_X0Y0        BUFG (Prop_bufg_I_O)         0.091    13.341 r  Clk_IBUF_BUFG_inst/O
                         net (fo=33, routed)          1.437    14.778    SlowClock0/Clk_IBUF_BUFG
    SLICE_X54Y26         FDRE                                         r  SlowClock0/Count_reg[30]/C
                         clock pessimism              0.260    15.038    
                         clock uncertainty           -0.035    15.003    
    SLICE_X54Y26         FDRE (Setup_fdre_C_R)       -0.524    14.479    SlowClock0/Count_reg[30]
  -------------------------------------------------------------------
                         required time                         14.479    
                         arrival time                          -9.471    
  -------------------------------------------------------------------
                         slack                                  5.008    

Slack (MET) :             5.008ns  (required time - arrival time)
  Source:                 SlowClock0/Count_reg[4]/C
                            (rising edge-triggered cell FDRE clocked by sys_clk_pin  {rise@0.000ns fall@5.000ns period=10.000ns})
  Destination:            SlowClock0/Count_reg[31]/R
                            (rising edge-triggered cell FDRE clocked by sys_clk_pin  {rise@0.000ns fall@5.000ns period=10.000ns})
  Path Group:             sys_clk_pin
  Path Type:              Setup (Max at Slow Process Corner)
  Requirement:            10.000ns  (sys_clk_pin rise@10.000ns - sys_clk_pin rise@0.000ns)
  Data Path Delay:        4.391ns  (logic 1.086ns (24.734%)  route 3.305ns (75.266%))
  Logic Levels:           3  (LUT4=2 LUT5=1)
  Clock Path Skew:        -0.042ns (DCD - SCD + CPR)
    Destination Clock Delay (DCD):    4.778ns = ( 14.778 - 10.000 ) 
    Source Clock Delay      (SCD):    5.080ns
    Clock Pessimism Removal (CPR):    0.260ns
  Clock Uncertainty:      0.035ns  ((TSJ^2 + TIJ^2)^1/2 + DJ) / 2 + PE
    Total System Jitter     (TSJ):    0.071ns
    Total Input Jitter      (TIJ):    0.000ns
    Discrete Jitter          (DJ):    0.000ns
    Phase Error              (PE):    0.000ns

    Location             Delay type                Incr(ns)  Path(ns)    Netlist Resource(s)
  -------------------------------------------------------------------    -------------------
                         (clock sys_clk_pin rise edge)
                                                      0.000     0.000 r  
    W5                                                0.000     0.000 r  Clk (IN)
                         net (fo=0)                   0.000     0.000    Clk
    W5                   IBUF (Prop_ibuf_I_O)         1.458     1.458 r  Clk_IBUF_inst/O
                         net (fo=1, routed)           1.967     3.425    Clk_IBUF
    BUFGCTRL_X0Y0        BUFG (Prop_bufg_I_O)         0.096     3.521 r  Clk_IBUF_BUFG_inst/O
                         net (fo=33, routed)          1.559     5.080    SlowClock0/Clk_IBUF_BUFG
    SLICE_X54Y19         FDRE                                         r  SlowClock0/Count_reg[4]/C
  -------------------------------------------------------------------    -------------------
    SLICE_X54Y19         FDRE (Prop_fdre_C_Q)         0.518     5.598 f  SlowClock0/Count_reg[4]/Q
                         net (fo=2, routed)           0.809     6.408    SlowClock0/Count[4]
    SLICE_X55Y20         LUT4 (Prop_lut4_I1_O)        0.124     6.532 f  SlowClock0/Count[31]_i_7/O
                         net (fo=1, routed)           0.553     7.085    SlowClock0/Count[31]_i_7_n_0
    SLICE_X55Y19         LUT5 (Prop_lut5_I4_O)        0.118     7.203 f  SlowClock0/Count[31]_i_3/O
                         net (fo=2, routed)           0.591     7.793    SlowClock0/Count[31]_i_3_n_0
    SLICE_X55Y20         LUT4 (Prop_lut4_I1_O)        0.326     8.119 r  SlowClock0/Count[31]_i_1/O
                         net (fo=31, routed)          1.352     9.471    SlowClock0/clockStatus
    SLICE_X54Y26         FDRE                                         r  SlowClock0/Count_reg[31]/R
  -------------------------------------------------------------------    -------------------

                         (clock sys_clk_pin rise edge)
                                                     10.000    10.000 r  
    W5                                                0.000    10.000 r  Clk (IN)
                         net (fo=0)                   0.000    10.000    Clk
    W5                   IBUF (Prop_ibuf_I_O)         1.388    11.388 r  Clk_IBUF_inst/O
                         net (fo=1, routed)           1.862    13.250    Clk_IBUF
    BUFGCTRL_X0Y0        BUFG (Prop_bufg_I_O)         0.091    13.341 r  Clk_IBUF_BUFG_inst/O
                         net (fo=33, routed)          1.437    14.778    SlowClock0/Clk_IBUF_BUFG
    SLICE_X54Y26         FDRE                                         r  SlowClock0/Count_reg[31]/C
                         clock pessimism              0.260    15.038    
                         clock uncertainty           -0.035    15.003    
    SLICE_X54Y26         FDRE (Setup_fdre_C_R)       -0.524    14.479    SlowClock0/Count_reg[31]
  -------------------------------------------------------------------
                         required time                         14.479    
                         arrival time                          -9.471    
  -------------------------------------------------------------------
                         slack                                  5.008    

Slack (MET) :             5.144ns  (required time - arrival time)
  Source:                 SlowClock0/Count_reg[4]/C
                            (rising edge-triggered cell FDRE clocked by sys_clk_pin  {rise@0.000ns fall@5.000ns period=10.000ns})
  Destination:            SlowClock0/Count_reg[25]/R
                            (rising edge-triggered cell FDRE clocked by sys_clk_pin  {rise@0.000ns fall@5.000ns period=10.000ns})
  Path Group:             sys_clk_pin
  Path Type:              Setup (Max at Slow Process Corner)
  Requirement:            10.000ns  (sys_clk_pin rise@10.000ns - sys_clk_pin rise@0.000ns)
  Data Path Delay:        4.252ns  (logic 1.086ns (25.539%)  route 3.166ns (74.461%))
  Logic Levels:           3  (LUT4=2 LUT5=1)
  Clock Path Skew:        -0.044ns (DCD - SCD + CPR)
    Destination Clock Delay (DCD):    4.776ns = ( 14.776 - 10.000 ) 
    Source Clock Delay      (SCD):    5.080ns
    Clock Pessimism Removal (CPR):    0.260ns
  Clock Uncertainty:      0.035ns  ((TSJ^2 + TIJ^2)^1/2 + DJ) / 2 + PE
    Total System Jitter     (TSJ):    0.071ns
    Total Input Jitter      (TIJ):    0.000ns
    Discrete Jitter          (DJ):    0.000ns
    Phase Error              (PE):    0.000ns

    Location             Delay type                Incr(ns)  Path(ns)    Netlist Resource(s)
  -------------------------------------------------------------------    -------------------
                         (clock sys_clk_pin rise edge)
                                                      0.000     0.000 r  
    W5                                                0.000     0.000 r  Clk (IN)
                         net (fo=0)                   0.000     0.000    Clk
    W5                   IBUF (Prop_ibuf_I_O)         1.458     1.458 r  Clk_IBUF_inst/O
                         net (fo=1, routed)           1.967     3.425    Clk_IBUF
    BUFGCTRL_X0Y0        BUFG (Prop_bufg_I_O)         0.096     3.521 r  Clk_IBUF_BUFG_inst/O
                         net (fo=33, routed)          1.559     5.080    SlowClock0/Clk_IBUF_BUFG
    SLICE_X54Y19         FDRE                                         r  SlowClock0/Count_reg[4]/C
  -------------------------------------------------------------------    -------------------
    SLICE_X54Y19         FDRE (Prop_fdre_C_Q)         0.518     5.598 f  SlowClock0/Count_reg[4]/Q
                         net (fo=2, routed)           0.809     6.408    SlowClock0/Count[4]
    SLICE_X55Y20         LUT4 (Prop_lut4_I1_O)        0.124     6.532 f  SlowClock0/Count[31]_i_7/O
                         net (fo=1, routed)           0.553     7.085    SlowClock0/Count[31]_i_7_n_0
    SLICE_X55Y19         LUT5 (Prop_lut5_I4_O)        0.118     7.203 f  SlowClock0/Count[31]_i_3/O
                         net (fo=2, routed)           0.591     7.793    SlowClock0/Count[31]_i_3_n_0
    SLICE_X55Y20         LUT4 (Prop_lut4_I1_O)        0.326     8.119 r  SlowClock0/Count[31]_i_1/O
                         net (fo=31, routed)          1.213     9.333    SlowClock0/clockStatus
    SLICE_X54Y25         FDRE                                         r  SlowClock0/Count_reg[25]/R
  -------------------------------------------------------------------    -------------------

                         (clock sys_clk_pin rise edge)
                                                     10.000    10.000 r  
    W5                                                0.000    10.000 r  Clk (IN)
                         net (fo=0)                   0.000    10.000    Clk
    W5                   IBUF (Prop_ibuf_I_O)         1.388    11.388 r  Clk_IBUF_inst/O
                         net (fo=1, routed)           1.862    13.250    Clk_IBUF
    BUFGCTRL_X0Y0        BUFG (Prop_bufg_I_O)         0.091    13.341 r  Clk_IBUF_BUFG_inst/O
                         net (fo=33, routed)          1.435    14.776    SlowClock0/Clk_IBUF_BUFG
    SLICE_X54Y25         FDRE                                         r  SlowClock0/Count_reg[25]/C
                         clock pessimism              0.260    15.036    
                         clock uncertainty           -0.035    15.001    
    SLICE_X54Y25         FDRE (Setup_fdre_C_R)       -0.524    14.477    SlowClock0/Count_reg[25]
  -------------------------------------------------------------------
                         required time                         14.477    
                         arrival time                          -9.333    
  -------------------------------------------------------------------
                         slack                                  5.144    

Slack (MET) :             5.144ns  (required time - arrival time)
  Source:                 SlowClock0/Count_reg[4]/C
                            (rising edge-triggered cell FDRE clocked by sys_clk_pin  {rise@0.000ns fall@5.000ns period=10.000ns})
  Destination:            SlowClock0/Count_reg[26]/R
                            (rising edge-triggered cell FDRE clocked by sys_clk_pin  {rise@0.000ns fall@5.000ns period=10.000ns})
  Path Group:             sys_clk_pin
  Path Type:              Setup (Max at Slow Process Corner)
  Requirement:            10.000ns  (sys_clk_pin rise@10.000ns - sys_clk_pin rise@0.000ns)
  Data Path Delay:        4.252ns  (logic 1.086ns (25.539%)  route 3.166ns (74.461%))
  Logic Levels:           3  (LUT4=2 LUT5=1)
  Clock Path Skew:        -0.044ns (DCD - SCD + CPR)
    Destination Clock Delay (DCD):    4.776ns = ( 14.776 - 10.000 ) 
    Source Clock Delay      (SCD):    5.080ns
    Clock Pessimism Removal (CPR):    0.260ns
  Clock Uncertainty:      0.035ns  ((TSJ^2 + TIJ^2)^1/2 + DJ) / 2 + PE
    Total System Jitter     (TSJ):    0.071ns
    Total Input Jitter      (TIJ):    0.000ns
    Discrete Jitter          (DJ):    0.000ns
    Phase Error              (PE):    0.000ns

    Location             Delay type                Incr(ns)  Path(ns)    Netlist Resource(s)
  -------------------------------------------------------------------    -------------------
                         (clock sys_clk_pin rise edge)
                                                      0.000     0.000 r  
    W5                                                0.000     0.000 r  Clk (IN)
                         net (fo=0)                   0.000     0.000    Clk
    W5                   IBUF (Prop_ibuf_I_O)         1.458     1.458 r  Clk_IBUF_inst/O
                         net (fo=1, routed)           1.967     3.425    Clk_IBUF
    BUFGCTRL_X0Y0        BUFG (Prop_bufg_I_O)         0.096     3.521 r  Clk_IBUF_BUFG_inst/O
                         net (fo=33, routed)          1.559     5.080    SlowClock0/Clk_IBUF_BUFG
    SLICE_X54Y19         FDRE                                         r  SlowClock0/Count_reg[4]/C
  -------------------------------------------------------------------    -------------------
    SLICE_X54Y19         FDRE (Prop_fdre_C_Q)         0.518     5.598 f  SlowClock0/Count_reg[4]/Q
                         net (fo=2, routed)           0.809     6.408    SlowClock0/Count[4]
    SLICE_X55Y20         LUT4 (Prop_lut4_I1_O)        0.124     6.532 f  SlowClock0/Count[31]_i_7/O
                         net (fo=1, routed)           0.553     7.085    SlowClock0/Count[31]_i_7_n_0
    SLICE_X55Y19         LUT5 (Prop_lut5_I4_O)        0.118     7.203 f  SlowClock0/Count[31]_i_3/O
                         net (fo=2, routed)           0.591     7.793    SlowClock0/Count[31]_i_3_n_0
    SLICE_X55Y20         LUT4 (Prop_lut4_I1_O)        0.326     8.119 r  SlowClock0/Count[31]_i_1/O
                         net (fo=31, routed)          1.213     9.333    SlowClock0/clockStatus
    SLICE_X54Y25         FDRE                                         r  SlowClock0/Count_reg[26]/R
  -------------------------------------------------------------------    -------------------

                         (clock sys_clk_pin rise edge)
                                                     10.000    10.000 r  
    W5                                                0.000    10.000 r  Clk (IN)
                         net (fo=0)                   0.000    10.000    Clk
    W5                   IBUF (Prop_ibuf_I_O)         1.388    11.388 r  Clk_IBUF_inst/O
                         net (fo=1, routed)           1.862    13.250    Clk_IBUF
    BUFGCTRL_X0Y0        BUFG (Prop_bufg_I_O)         0.091    13.341 r  Clk_IBUF_BUFG_inst/O
                         net (fo=33, routed)          1.435    14.776    SlowClock0/Clk_IBUF_BUFG
    SLICE_X54Y25         FDRE                                         r  SlowClock0/Count_reg[26]/C
                         clock pessimism              0.260    15.036    
                         clock uncertainty           -0.035    15.001    
    SLICE_X54Y25         FDRE (Setup_fdre_C_R)       -0.524    14.477    SlowClock0/Count_reg[26]
  -------------------------------------------------------------------
                         required time                         14.477    
                         arrival time                          -9.333    
  -------------------------------------------------------------------
                         slack                                  5.144    

Slack (MET) :             5.144ns  (required time - arrival time)
  Source:                 SlowClock0/Count_reg[4]/C
                            (rising edge-triggered cell FDRE clocked by sys_clk_pin  {rise@0.000ns fall@5.000ns period=10.000ns})
  Destination:            SlowClock0/Count_reg[27]/R
                            (rising edge-triggered cell FDRE clocked by sys_clk_pin  {rise@0.000ns fall@5.000ns period=10.000ns})
  Path Group:             sys_clk_pin
  Path Type:              Setup (Max at Slow Process Corner)
  Requirement:            10.000ns  (sys_clk_pin rise@10.000ns - sys_clk_pin rise@0.000ns)
  Data Path Delay:        4.252ns  (logic 1.086ns (25.539%)  route 3.166ns (74.461%))
  Logic Levels:           3  (LUT4=2 LUT5=1)
  Clock Path Skew:        -0.044ns (DCD - SCD + CPR)
    Destination Clock Delay (DCD):    4.776ns = ( 14.776 - 10.000 ) 
    Source Clock Delay      (SCD):    5.080ns
    Clock Pessimism Removal (CPR):    0.260ns
  Clock Uncertainty:      0.035ns  ((TSJ^2 + TIJ^2)^1/2 + DJ) / 2 + PE
    Total System Jitter     (TSJ):    0.071ns
    Total Input Jitter      (TIJ):    0.000ns
    Discrete Jitter          (DJ):    0.000ns
    Phase Error              (PE):    0.000ns

    Location             Delay type                Incr(ns)  Path(ns)    Netlist Resource(s)
  -------------------------------------------------------------------    -------------------
                         (clock sys_clk_pin rise edge)
                                                      0.000     0.000 r  
    W5                                                0.000     0.000 r  Clk (IN)
                         net (fo=0)                   0.000     0.000    Clk
    W5                   IBUF (Prop_ibuf_I_O)         1.458     1.458 r  Clk_IBUF_inst/O
                         net (fo=1, routed)           1.967     3.425    Clk_IBUF
    BUFGCTRL_X0Y0        BUFG (Prop_bufg_I_O)         0.096     3.521 r  Clk_IBUF_BUFG_inst/O
                         net (fo=33, routed)          1.559     5.080    SlowClock0/Clk_IBUF_BUFG
    SLICE_X54Y19         FDRE                                         r  SlowClock0/Count_reg[4]/C
  -------------------------------------------------------------------    -------------------
    SLICE_X54Y19         FDRE (Prop_fdre_C_Q)         0.518     5.598 f  SlowClock0/Count_reg[4]/Q
                         net (fo=2, routed)           0.809     6.408    SlowClock0/Count[4]
    SLICE_X55Y20         LUT4 (Prop_lut4_I1_O)        0.124     6.532 f  SlowClock0/Count[31]_i_7/O
                         net (fo=1, routed)           0.553     7.085    SlowClock0/Count[31]_i_7_n_0
    SLICE_X55Y19         LUT5 (Prop_lut5_I4_O)        0.118     7.203 f  SlowClock0/Count[31]_i_3/O
                         net (fo=2, routed)           0.591     7.793    SlowClock0/Count[31]_i_3_n_0
    SLICE_X55Y20         LUT4 (Prop_lut4_I1_O)        0.326     8.119 r  SlowClock0/Count[31]_i_1/O
                         net (fo=31, routed)          1.213     9.333    SlowClock0/clockStatus
    SLICE_X54Y25         FDRE                                         r  SlowClock0/Count_reg[27]/R
  -------------------------------------------------------------------    -------------------

                         (clock sys_clk_pin rise edge)
                                                     10.000    10.000 r  
    W5                                                0.000    10.000 r  Clk (IN)
                         net (fo=0)                   0.000    10.000    Clk
    W5                   IBUF (Prop_ibuf_I_O)         1.388    11.388 r  Clk_IBUF_inst/O
                         net (fo=1, routed)           1.862    13.250    Clk_IBUF
    BUFGCTRL_X0Y0        BUFG (Prop_bufg_I_O)         0.091    13.341 r  Clk_IBUF_BUFG_inst/O
                         net (fo=33, routed)          1.435    14.776    SlowClock0/Clk_IBUF_BUFG
    SLICE_X54Y25         FDRE                                         r  SlowClock0/Count_reg[27]/C
                         clock pessimism              0.260    15.036    
                         clock uncertainty           -0.035    15.001    
    SLICE_X54Y25         FDRE (Setup_fdre_C_R)       -0.524    14.477    SlowClock0/Count_reg[27]
  -------------------------------------------------------------------
                         required time                         14.477    
                         arrival time                          -9.333    
  -------------------------------------------------------------------
                         slack                                  5.144    

Slack (MET) :             5.144ns  (required time - arrival time)
  Source:                 SlowClock0/Count_reg[4]/C
                            (rising edge-triggered cell FDRE clocked by sys_clk_pin  {rise@0.000ns fall@5.000ns period=10.000ns})
  Destination:            SlowClock0/Count_reg[28]/R
                            (rising edge-triggered cell FDRE clocked by sys_clk_pin  {rise@0.000ns fall@5.000ns period=10.000ns})
  Path Group:             sys_clk_pin
  Path Type:              Setup (Max at Slow Process Corner)
  Requirement:            10.000ns  (sys_clk_pin rise@10.000ns - sys_clk_pin rise@0.000ns)
  Data Path Delay:        4.252ns  (logic 1.086ns (25.539%)  route 3.166ns (74.461%))
  Logic Levels:           3  (LUT4=2 LUT5=1)
  Clock Path Skew:        -0.044ns (DCD - SCD + CPR)
    Destination Clock Delay (DCD):    4.776ns = ( 14.776 - 10.000 ) 
    Source Clock Delay      (SCD):    5.080ns
    Clock Pessimism Removal (CPR):    0.260ns
  Clock Uncertainty:      0.035ns  ((TSJ^2 + TIJ^2)^1/2 + DJ) / 2 + PE
    Total System Jitter     (TSJ):    0.071ns
    Total Input Jitter      (TIJ):    0.000ns
    Discrete Jitter          (DJ):    0.000ns
    Phase Error              (PE):    0.000ns

    Location             Delay type                Incr(ns)  Path(ns)    Netlist Resource(s)
  -------------------------------------------------------------------    -------------------
                         (clock sys_clk_pin rise edge)
                                                      0.000     0.000 r  
    W5                                                0.000     0.000 r  Clk (IN)
                         net (fo=0)                   0.000     0.000    Clk
    W5                   IBUF (Prop_ibuf_I_O)         1.458     1.458 r  Clk_IBUF_inst/O
                         net (fo=1, routed)           1.967     3.425    Clk_IBUF
    BUFGCTRL_X0Y0        BUFG (Prop_bufg_I_O)         0.096     3.521 r  Clk_IBUF_BUFG_inst/O
                         net (fo=33, routed)          1.559     5.080    SlowClock0/Clk_IBUF_BUFG
    SLICE_X54Y19         FDRE                                         r  SlowClock0/Count_reg[4]/C
  -------------------------------------------------------------------    -------------------
    SLICE_X54Y19         FDRE (Prop_fdre_C_Q)         0.518     5.598 f  SlowClock0/Count_reg[4]/Q
                         net (fo=2, routed)           0.809     6.408    SlowClock0/Count[4]
    SLICE_X55Y20         LUT4 (Prop_lut4_I1_O)        0.124     6.532 f  SlowClock0/Count[31]_i_7/O
                         net (fo=1, routed)           0.553     7.085    SlowClock0/Count[31]_i_7_n_0
    SLICE_X55Y19         LUT5 (Prop_lut5_I4_O)        0.118     7.203 f  SlowClock0/Count[31]_i_3/O
                         net (fo=2, routed)           0.591     7.793    SlowClock0/Count[31]_i_3_n_0
    SLICE_X55Y20         LUT4 (Prop_lut4_I1_O)        0.326     8.119 r  SlowClock0/Count[31]_i_1/O
                         net (fo=31, routed)          1.213     9.333    SlowClock0/clockStatus
    SLICE_X54Y25         FDRE                                         r  SlowClock0/Count_reg[28]/R
  -------------------------------------------------------------------    -------------------

                         (clock sys_clk_pin rise edge)
                                                     10.000    10.000 r  
    W5                                                0.000    10.000 r  Clk (IN)
                         net (fo=0)                   0.000    10.000    Clk
    W5                   IBUF (Prop_ibuf_I_O)         1.388    11.388 r  Clk_IBUF_inst/O
                         net (fo=1, routed)           1.862    13.250    Clk_IBUF
    BUFGCTRL_X0Y0        BUFG (Prop_bufg_I_O)         0.091    13.341 r  Clk_IBUF_BUFG_inst/O
                         net (fo=33, routed)          1.435    14.776    SlowClock0/Clk_IBUF_BUFG
    SLICE_X54Y25         FDRE                                         r  SlowClock0/Count_reg[28]/C
                         clock pessimism              0.260    15.036    
                         clock uncertainty           -0.035    15.001    
    SLICE_X54Y25         FDRE (Setup_fdre_C_R)       -0.524    14.477    SlowClock0/Count_reg[28]
  -------------------------------------------------------------------
                         required time                         14.477    
                         arrival time                          -9.333    
  -------------------------------------------------------------------
                         slack                                  5.144    

Slack (MET) :             5.335ns  (required time - arrival time)
  Source:                 SlowClock0/Count_reg[4]/C
                            (rising edge-triggered cell FDRE clocked by sys_clk_pin  {rise@0.000ns fall@5.000ns period=10.000ns})
  Destination:            SlowClock0/Count_reg[21]/R
                            (rising edge-triggered cell FDRE clocked by sys_clk_pin  {rise@0.000ns fall@5.000ns period=10.000ns})
  Path Group:             sys_clk_pin
  Path Type:              Setup (Max at Slow Process Corner)
  Requirement:            10.000ns  (sys_clk_pin rise@10.000ns - sys_clk_pin rise@0.000ns)
  Data Path Delay:        4.076ns  (logic 1.086ns (26.644%)  route 2.990ns (73.356%))
  Logic Levels:           3  (LUT4=2 LUT5=1)
  Clock Path Skew:        -0.030ns (DCD - SCD + CPR)
    Destination Clock Delay (DCD):    4.776ns = ( 14.776 - 10.000 ) 
    Source Clock Delay      (SCD):    5.080ns
    Clock Pessimism Removal (CPR):    0.274ns
  Clock Uncertainty:      0.035ns  ((TSJ^2 + TIJ^2)^1/2 + DJ) / 2 + PE
    Total System Jitter     (TSJ):    0.071ns
    Total Input Jitter      (TIJ):    0.000ns
    Discrete Jitter          (DJ):    0.000ns
    Phase Error              (PE):    0.000ns

    Location             Delay type                Incr(ns)  Path(ns)    Netlist Resource(s)
  -------------------------------------------------------------------    -------------------
                         (clock sys_clk_pin rise edge)
                                                      0.000     0.000 r  
    W5                                                0.000     0.000 r  Clk (IN)
                         net (fo=0)                   0.000     0.000    Clk
    W5                   IBUF (Prop_ibuf_I_O)         1.458     1.458 r  Clk_IBUF_inst/O
                         net (fo=1, routed)           1.967     3.425    Clk_IBUF
    BUFGCTRL_X0Y0        BUFG (Prop_bufg_I_O)         0.096     3.521 r  Clk_IBUF_BUFG_inst/O
                         net (fo=33, routed)          1.559     5.080    SlowClock0/Clk_IBUF_BUFG
    SLICE_X54Y19         FDRE                                         r  SlowClock0/Count_reg[4]/C
  -------------------------------------------------------------------    -------------------
    SLICE_X54Y19         FDRE (Prop_fdre_C_Q)         0.518     5.598 f  SlowClock0/Count_reg[4]/Q
                         net (fo=2, routed)           0.809     6.408    SlowClock0/Count[4]
    SLICE_X55Y20         LUT4 (Prop_lut4_I1_O)        0.124     6.532 f  SlowClock0/Count[31]_i_7/O
                         net (fo=1, routed)           0.553     7.085    SlowClock0/Count[31]_i_7_n_0
    SLICE_X55Y19         LUT5 (Prop_lut5_I4_O)        0.118     7.203 f  SlowClock0/Count[31]_i_3/O
                         net (fo=2, routed)           0.591     7.793    SlowClock0/Count[31]_i_3_n_0
    SLICE_X55Y20         LUT4 (Prop_lut4_I1_O)        0.326     8.119 r  SlowClock0/Count[31]_i_1/O
                         net (fo=31, routed)          1.037     9.156    SlowClock0/clockStatus
    SLICE_X54Y24         FDRE                                         r  SlowClock0/Count_reg[21]/R
  -------------------------------------------------------------------    -------------------

                         (clock sys_clk_pin rise edge)
                                                     10.000    10.000 r  
    W5                                                0.000    10.000 r  Clk (IN)
                         net (fo=0)                   0.000    10.000    Clk
    W5                   IBUF (Prop_ibuf_I_O)         1.388    11.388 r  Clk_IBUF_inst/O
                         net (fo=1, routed)           1.862    13.250    Clk_IBUF
    BUFGCTRL_X0Y0        BUFG (Prop_bufg_I_O)         0.091    13.341 r  Clk_IBUF_BUFG_inst/O
                         net (fo=33, routed)          1.435    14.776    SlowClock0/Clk_IBUF_BUFG
    SLICE_X54Y24         FDRE                                         r  SlowClock0/Count_reg[21]/C
                         clock pessimism              0.274    15.050    
                         clock uncertainty           -0.035    15.015    
    SLICE_X54Y24         FDRE (Setup_fdre_C_R)       -0.524    14.491    SlowClock0/Count_reg[21]
  -------------------------------------------------------------------
                         required time                         14.491    
                         arrival time                          -9.156    
  -------------------------------------------------------------------
                         slack                                  5.335    

Slack (MET) :             5.335ns  (required time - arrival time)
  Source:                 SlowClock0/Count_reg[4]/C
                            (rising edge-triggered cell FDRE clocked by sys_clk_pin  {rise@0.000ns fall@5.000ns period=10.000ns})
  Destination:            SlowClock0/Count_reg[22]/R
                            (rising edge-triggered cell FDRE clocked by sys_clk_pin  {rise@0.000ns fall@5.000ns period=10.000ns})
  Path Group:             sys_clk_pin
  Path Type:              Setup (Max at Slow Process Corner)
  Requirement:            10.000ns  (sys_clk_pin rise@10.000ns - sys_clk_pin rise@0.000ns)
  Data Path Delay:        4.076ns  (logic 1.086ns (26.644%)  route 2.990ns (73.356%))
  Logic Levels:           3  (LUT4=2 LUT5=1)
  Clock Path Skew:        -0.030ns (DCD - SCD + CPR)
    Destination Clock Delay (DCD):    4.776ns = ( 14.776 - 10.000 ) 
    Source Clock Delay      (SCD):    5.080ns
    Clock Pessimism Removal (CPR):    0.274ns
  Clock Uncertainty:      0.035ns  ((TSJ^2 + TIJ^2)^1/2 + DJ) / 2 + PE
    Total System Jitter     (TSJ):    0.071ns
    Total Input Jitter      (TIJ):    0.000ns
    Discrete Jitter          (DJ):    0.000ns
    Phase Error              (PE):    0.000ns

    Location             Delay type                Incr(ns)  Path(ns)    Netlist Resource(s)
  -------------------------------------------------------------------    -------------------
                         (clock sys_clk_pin rise edge)
                                                      0.000     0.000 r  
    W5                                                0.000     0.000 r  Clk (IN)
                         net (fo=0)                   0.000     0.000    Clk
    W5                   IBUF (Prop_ibuf_I_O)         1.458     1.458 r  Clk_IBUF_inst/O
                         net (fo=1, routed)           1.967     3.425    Clk_IBUF
    BUFGCTRL_X0Y0        BUFG (Prop_bufg_I_O)         0.096     3.521 r  Clk_IBUF_BUFG_inst/O
                         net (fo=33, routed)          1.559     5.080    SlowClock0/Clk_IBUF_BUFG
    SLICE_X54Y19         FDRE                                         r  SlowClock0/Count_reg[4]/C
  -------------------------------------------------------------------    -------------------
    SLICE_X54Y19         FDRE (Prop_fdre_C_Q)         0.518     5.598 f  SlowClock0/Count_reg[4]/Q
                         net (fo=2, routed)           0.809     6.408    SlowClock0/Count[4]
    SLICE_X55Y20         LUT4 (Prop_lut4_I1_O)        0.124     6.532 f  SlowClock0/Count[31]_i_7/O
                         net (fo=1, routed)           0.553     7.085    SlowClock0/Count[31]_i_7_n_0
    SLICE_X55Y19         LUT5 (Prop_lut5_I4_O)        0.118     7.203 f  SlowClock0/Count[31]_i_3/O
                         net (fo=2, routed)           0.591     7.793    SlowClock0/Count[31]_i_3_n_0
    SLICE_X55Y20         LUT4 (Prop_lut4_I1_O)        0.326     8.119 r  SlowClock0/Count[31]_i_1/O
                         net (fo=31, routed)          1.037     9.156    SlowClock0/clockStatus
    SLICE_X54Y24         FDRE                                         r  SlowClock0/Count_reg[22]/R
  -------------------------------------------------------------------    -------------------

                         (clock sys_clk_pin rise edge)
                                                     10.000    10.000 r  
    W5                                                0.000    10.000 r  Clk (IN)
                         net (fo=0)                   0.000    10.000    Clk
    W5                   IBUF (Prop_ibuf_I_O)         1.388    11.388 r  Clk_IBUF_inst/O
                         net (fo=1, routed)           1.862    13.250    Clk_IBUF
    BUFGCTRL_X0Y0        BUFG (Prop_bufg_I_O)         0.091    13.341 r  Clk_IBUF_BUFG_inst/O
                         net (fo=33, routed)          1.435    14.776    SlowClock0/Clk_IBUF_BUFG
    SLICE_X54Y24         FDRE                                         r  SlowClock0/Count_reg[22]/C
                         clock pessimism              0.274    15.050    
                         clock uncertainty           -0.035    15.015    
    SLICE_X54Y24         FDRE (Setup_fdre_C_R)       -0.524    14.491    SlowClock0/Count_reg[22]
  -------------------------------------------------------------------
                         required time                         14.491    
                         arrival time                          -9.156    
  -------------------------------------------------------------------
                         slack                                  5.335    

Slack (MET) :             5.335ns  (required time - arrival time)
  Source:                 SlowClock0/Count_reg[4]/C
                            (rising edge-triggered cell FDRE clocked by sys_clk_pin  {rise@0.000ns fall@5.000ns period=10.000ns})
  Destination:            SlowClock0/Count_reg[23]/R
                            (rising edge-triggered cell FDRE clocked by sys_clk_pin  {rise@0.000ns fall@5.000ns period=10.000ns})
  Path Group:             sys_clk_pin
  Path Type:              Setup (Max at Slow Process Corner)
  Requirement:            10.000ns  (sys_clk_pin rise@10.000ns - sys_clk_pin rise@0.000ns)
  Data Path Delay:        4.076ns  (logic 1.086ns (26.644%)  route 2.990ns (73.356%))
  Logic Levels:           3  (LUT4=2 LUT5=1)
  Clock Path Skew:        -0.030ns (DCD - SCD + CPR)
    Destination Clock Delay (DCD):    4.776ns = ( 14.776 - 10.000 ) 
    Source Clock Delay      (SCD):    5.080ns
    Clock Pessimism Removal (CPR):    0.274ns
  Clock Uncertainty:      0.035ns  ((TSJ^2 + TIJ^2)^1/2 + DJ) / 2 + PE
    Total System Jitter     (TSJ):    0.071ns
    Total Input Jitter      (TIJ):    0.000ns
    Discrete Jitter          (DJ):    0.000ns
    Phase Error              (PE):    0.000ns

    Location             Delay type                Incr(ns)  Path(ns)    Netlist Resource(s)
  -------------------------------------------------------------------    -------------------
                         (clock sys_clk_pin rise edge)
                                                      0.000     0.000 r  
    W5                                                0.000     0.000 r  Clk (IN)
                         net (fo=0)                   0.000     0.000    Clk
    W5                   IBUF (Prop_ibuf_I_O)         1.458     1.458 r  Clk_IBUF_inst/O
                         net (fo=1, routed)           1.967     3.425    Clk_IBUF
    BUFGCTRL_X0Y0        BUFG (Prop_bufg_I_O)         0.096     3.521 r  Clk_IBUF_BUFG_inst/O
                         net (fo=33, routed)          1.559     5.080    SlowClock0/Clk_IBUF_BUFG
    SLICE_X54Y19         FDRE                                         r  SlowClock0/Count_reg[4]/C
  -------------------------------------------------------------------    -------------------
    SLICE_X54Y19         FDRE (Prop_fdre_C_Q)         0.518     5.598 f  SlowClock0/Count_reg[4]/Q
                         net (fo=2, routed)           0.809     6.408    SlowClock0/Count[4]
    SLICE_X55Y20         LUT4 (Prop_lut4_I1_O)        0.124     6.532 f  SlowClock0/Count[31]_i_7/O
                         net (fo=1, routed)           0.553     7.085    SlowClock0/Count[31]_i_7_n_0
    SLICE_X55Y19         LUT5 (Prop_lut5_I4_O)        0.118     7.203 f  SlowClock0/Count[31]_i_3/O
                         net (fo=2, routed)           0.591     7.793    SlowClock0/Count[31]_i_3_n_0
    SLICE_X55Y20         LUT4 (Prop_lut4_I1_O)        0.326     8.119 r  SlowClock0/Count[31]_i_1/O
                         net (fo=31, routed)          1.037     9.156    SlowClock0/clockStatus
    SLICE_X54Y24         FDRE                                         r  SlowClock0/Count_reg[23]/R
  -------------------------------------------------------------------    -------------------

                         (clock sys_clk_pin rise edge)
                                                     10.000    10.000 r  
    W5                                                0.000    10.000 r  Clk (IN)
                         net (fo=0)                   0.000    10.000    Clk
    W5                   IBUF (Prop_ibuf_I_O)         1.388    11.388 r  Clk_IBUF_inst/O
                         net (fo=1, routed)           1.862    13.250    Clk_IBUF
    BUFGCTRL_X0Y0        BUFG (Prop_bufg_I_O)         0.091    13.341 r  Clk_IBUF_BUFG_inst/O
                         net (fo=33, routed)          1.435    14.776    SlowClock0/Clk_IBUF_BUFG
    SLICE_X54Y24         FDRE                                         r  SlowClock0/Count_reg[23]/C
                         clock pessimism              0.274    15.050    
                         clock uncertainty           -0.035    15.015    
    SLICE_X54Y24         FDRE (Setup_fdre_C_R)       -0.524    14.491    SlowClock0/Count_reg[23]
  -------------------------------------------------------------------
                         required time                         14.491    
                         arrival time                          -9.156    
  -------------------------------------------------------------------
                         slack                                  5.335    





Min Delay Paths
--------------------------------------------------------------------------------------
Slack (MET) :             0.265ns  (arrival time - required time)
  Source:                 SlowClock0/Count_reg[31]/C
                            (rising edge-triggered cell FDRE clocked by sys_clk_pin  {rise@0.000ns fall@5.000ns period=10.000ns})
  Destination:            SlowClock0/Count_reg[31]/D
                            (rising edge-triggered cell FDRE clocked by sys_clk_pin  {rise@0.000ns fall@5.000ns period=10.000ns})
  Path Group:             sys_clk_pin
  Path Type:              Hold (Min at Fast Process Corner)
  Requirement:            0.000ns  (sys_clk_pin rise@0.000ns - sys_clk_pin rise@0.000ns)
  Data Path Delay:        0.399ns  (logic 0.274ns (68.589%)  route 0.125ns (31.411%))
  Logic Levels:           1  (CARRY4=1)
  Clock Path Skew:        0.000ns (DCD - SCD - CPR)
    Destination Clock Delay (DCD):    1.949ns
    Source Clock Delay      (SCD):    1.437ns
    Clock Pessimism Removal (CPR):    0.512ns

    Location             Delay type                Incr(ns)  Path(ns)    Netlist Resource(s)
  -------------------------------------------------------------------    -------------------
                         (clock sys_clk_pin rise edge)
                                                      0.000     0.000 r  
    W5                                                0.000     0.000 r  Clk (IN)
                         net (fo=0)                   0.000     0.000    Clk
    W5                   IBUF (Prop_ibuf_I_O)         0.226     0.226 r  Clk_IBUF_inst/O
                         net (fo=1, routed)           0.631     0.858    Clk_IBUF
    BUFGCTRL_X0Y0        BUFG (Prop_bufg_I_O)         0.026     0.884 r  Clk_IBUF_BUFG_inst/O
                         net (fo=33, routed)          0.554     1.437    SlowClock0/Clk_IBUF_BUFG
    SLICE_X54Y26         FDRE                                         r  SlowClock0/Count_reg[31]/C
  -------------------------------------------------------------------    -------------------
    SLICE_X54Y26         FDRE (Prop_fdre_C_Q)         0.164     1.601 r  SlowClock0/Count_reg[31]/Q
                         net (fo=2, routed)           0.125     1.727    SlowClock0/Count[31]
    SLICE_X54Y26         CARRY4 (Prop_carry4_S[2]_O[2])
                                                      0.110     1.837 r  SlowClock0/Count0_carry__6/O[2]
                         net (fo=1, routed)           0.000     1.837    SlowClock0/data0[31]
    SLICE_X54Y26         FDRE                                         r  SlowClock0/Count_reg[31]/D
  -------------------------------------------------------------------    -------------------

                         (clock sys_clk_pin rise edge)
                                                      0.000     0.000 r  
    W5                                                0.000     0.000 r  Clk (IN)
                         net (fo=0)                   0.000     0.000    Clk
    W5                   IBUF (Prop_ibuf_I_O)         0.414     0.414 r  Clk_IBUF_inst/O
                         net (fo=1, routed)           0.685     1.099    Clk_IBUF
    BUFGCTRL_X0Y0        BUFG (Prop_bufg_I_O)         0.029     1.128 r  Clk_IBUF_BUFG_inst/O
                         net (fo=33, routed)          0.822     1.949    SlowClock0/Clk_IBUF_BUFG
    SLICE_X54Y26         FDRE                                         r  SlowClock0/Count_reg[31]/C
                         clock pessimism             -0.512     1.437    
    SLICE_X54Y26         FDRE (Hold_fdre_C_D)         0.134     1.571    SlowClock0/Count_reg[31]
  -------------------------------------------------------------------
                         required time                         -1.571    
                         arrival time                           1.837    
  -------------------------------------------------------------------
                         slack                                  0.265    

Slack (MET) :             0.265ns  (arrival time - required time)
  Source:                 SlowClock0/Count_reg[15]/C
                            (rising edge-triggered cell FDRE clocked by sys_clk_pin  {rise@0.000ns fall@5.000ns period=10.000ns})
  Destination:            SlowClock0/Count_reg[15]/D
                            (rising edge-triggered cell FDRE clocked by sys_clk_pin  {rise@0.000ns fall@5.000ns period=10.000ns})
  Path Group:             sys_clk_pin
  Path Type:              Hold (Min at Fast Process Corner)
  Requirement:            0.000ns  (sys_clk_pin rise@0.000ns - sys_clk_pin rise@0.000ns)
  Data Path Delay:        0.399ns  (logic 0.274ns (68.589%)  route 0.125ns (31.411%))
  Logic Levels:           1  (CARRY4=1)
  Clock Path Skew:        0.000ns (DCD - SCD - CPR)
    Destination Clock Delay (DCD):    1.951ns
    Source Clock Delay      (SCD):    1.439ns
    Clock Pessimism Removal (CPR):    0.512ns

    Location             Delay type                Incr(ns)  Path(ns)    Netlist Resource(s)
  -------------------------------------------------------------------    -------------------
                         (clock sys_clk_pin rise edge)
                                                      0.000     0.000 r  
    W5                                                0.000     0.000 r  Clk (IN)
                         net (fo=0)                   0.000     0.000    Clk
    W5                   IBUF (Prop_ibuf_I_O)         0.226     0.226 r  Clk_IBUF_inst/O
                         net (fo=1, routed)           0.631     0.858    Clk_IBUF
    BUFGCTRL_X0Y0        BUFG (Prop_bufg_I_O)         0.026     0.884 r  Clk_IBUF_BUFG_inst/O
                         net (fo=33, routed)          0.556     1.439    SlowClock0/Clk_IBUF_BUFG
    SLICE_X54Y22         FDRE                                         r  SlowClock0/Count_reg[15]/C
  -------------------------------------------------------------------    -------------------
    SLICE_X54Y22         FDRE (Prop_fdre_C_Q)         0.164     1.603 r  SlowClock0/Count_reg[15]/Q
                         net (fo=2, routed)           0.125     1.729    SlowClock0/Count[15]
    SLICE_X54Y22         CARRY4 (Prop_carry4_S[2]_O[2])
                                                      0.110     1.839 r  SlowClock0/Count0_carry__2/O[2]
                         net (fo=1, routed)           0.000     1.839    SlowClock0/data0[15]
    SLICE_X54Y22         FDRE                                         r  SlowClock0/Count_reg[15]/D
  -------------------------------------------------------------------    -------------------

                         (clock sys_clk_pin rise edge)
                                                      0.000     0.000 r  
    W5                                                0.000     0.000 r  Clk (IN)
                         net (fo=0)                   0.000     0.000    Clk
    W5                   IBUF (Prop_ibuf_I_O)         0.414     0.414 r  Clk_IBUF_inst/O
                         net (fo=1, routed)           0.685     1.099    Clk_IBUF
    BUFGCTRL_X0Y0        BUFG (Prop_bufg_I_O)         0.029     1.128 r  Clk_IBUF_BUFG_inst/O
                         net (fo=33, routed)          0.824     1.951    SlowClock0/Clk_IBUF_BUFG
    SLICE_X54Y22         FDRE                                         r  SlowClock0/Count_reg[15]/C
                         clock pessimism             -0.512     1.439    
    SLICE_X54Y22         FDRE (Hold_fdre_C_D)         0.134     1.573    SlowClock0/Count_reg[15]
  -------------------------------------------------------------------
                         required time                         -1.573    
                         arrival time                           1.839    
  -------------------------------------------------------------------
                         slack                                  0.265    

Slack (MET) :             0.265ns  (arrival time - required time)
  Source:                 SlowClock0/Count_reg[7]/C
                            (rising edge-triggered cell FDRE clocked by sys_clk_pin  {rise@0.000ns fall@5.000ns period=10.000ns})
  Destination:            SlowClock0/Count_reg[7]/D
                            (rising edge-triggered cell FDRE clocked by sys_clk_pin  {rise@0.000ns fall@5.000ns period=10.000ns})
  Path Group:             sys_clk_pin
  Path Type:              Hold (Min at Fast Process Corner)
  Requirement:            0.000ns  (sys_clk_pin rise@0.000ns - sys_clk_pin rise@0.000ns)
  Data Path Delay:        0.399ns  (logic 0.274ns (68.589%)  route 0.125ns (31.411%))
  Logic Levels:           1  (CARRY4=1)
  Clock Path Skew:        0.000ns (DCD - SCD - CPR)
    Destination Clock Delay (DCD):    1.953ns
    Source Clock Delay      (SCD):    1.440ns
    Clock Pessimism Removal (CPR):    0.513ns

    Location             Delay type                Incr(ns)  Path(ns)    Netlist Resource(s)
  -------------------------------------------------------------------    -------------------
                         (clock sys_clk_pin rise edge)
                                                      0.000     0.000 r  
    W5                                                0.000     0.000 r  Clk (IN)
                         net (fo=0)                   0.000     0.000    Clk
    W5                   IBUF (Prop_ibuf_I_O)         0.226     0.226 r  Clk_IBUF_inst/O
                         net (fo=1, routed)           0.631     0.858    Clk_IBUF
    BUFGCTRL_X0Y0        BUFG (Prop_bufg_I_O)         0.026     0.884 r  Clk_IBUF_BUFG_inst/O
                         net (fo=33, routed)          0.557     1.440    SlowClock0/Clk_IBUF_BUFG
    SLICE_X54Y20         FDRE                                         r  SlowClock0/Count_reg[7]/C
  -------------------------------------------------------------------    -------------------
    SLICE_X54Y20         FDRE (Prop_fdre_C_Q)         0.164     1.604 r  SlowClock0/Count_reg[7]/Q
                         net (fo=2, routed)           0.125     1.730    SlowClock0/Count[7]
    SLICE_X54Y20         CARRY4 (Prop_carry4_S[2]_O[2])
                                                      0.110     1.840 r  SlowClock0/Count0_carry__0/O[2]
                         net (fo=1, routed)           0.000     1.840    SlowClock0/data0[7]
    SLICE_X54Y20         FDRE                                         r  SlowClock0/Count_reg[7]/D
  -------------------------------------------------------------------    -------------------

                         (clock sys_clk_pin rise edge)
                                                      0.000     0.000 r  
    W5                                                0.000     0.000 r  Clk (IN)
                         net (fo=0)                   0.000     0.000    Clk
    W5                   IBUF (Prop_ibuf_I_O)         0.414     0.414 r  Clk_IBUF_inst/O
                         net (fo=1, routed)           0.685     1.099    Clk_IBUF
    BUFGCTRL_X0Y0        BUFG (Prop_bufg_I_O)         0.029     1.128 r  Clk_IBUF_BUFG_inst/O
                         net (fo=33, routed)          0.826     1.953    SlowClock0/Clk_IBUF_BUFG
    SLICE_X54Y20         FDRE                                         r  SlowClock0/Count_reg[7]/C
                         clock pessimism             -0.513     1.440    
    SLICE_X54Y20         FDRE (Hold_fdre_C_D)         0.134     1.574    SlowClock0/Count_reg[7]
  -------------------------------------------------------------------
                         required time                         -1.574    
                         arrival time                           1.840    
  -------------------------------------------------------------------
                         slack                                  0.265    

Slack (MET) :             0.266ns  (arrival time - required time)
  Source:                 SlowClock0/Count_reg[3]/C
                            (rising edge-triggered cell FDRE clocked by sys_clk_pin  {rise@0.000ns fall@5.000ns period=10.000ns})
  Destination:            SlowClock0/Count_reg[3]/D
                            (rising edge-triggered cell FDRE clocked by sys_clk_pin  {rise@0.000ns fall@5.000ns period=10.000ns})
  Path Group:             sys_clk_pin
  Path Type:              Hold (Min at Fast Process Corner)
  Requirement:            0.000ns  (sys_clk_pin rise@0.000ns - sys_clk_pin rise@0.000ns)
  Data Path Delay:        0.400ns  (logic 0.274ns (68.560%)  route 0.126ns (31.440%))
  Logic Levels:           1  (CARRY4=1)
  Clock Path Skew:        0.000ns (DCD - SCD - CPR)
    Destination Clock Delay (DCD):    1.954ns
    Source Clock Delay      (SCD):    1.441ns
    Clock Pessimism Removal (CPR):    0.513ns

    Location             Delay type                Incr(ns)  Path(ns)    Netlist Resource(s)
  -------------------------------------------------------------------    -------------------
                         (clock sys_clk_pin rise edge)
                                                      0.000     0.000 r  
    W5                                                0.000     0.000 r  Clk (IN)
                         net (fo=0)                   0.000     0.000    Clk
    W5                   IBUF (Prop_ibuf_I_O)         0.226     0.226 r  Clk_IBUF_inst/O
                         net (fo=1, routed)           0.631     0.858    Clk_IBUF
    BUFGCTRL_X0Y0        BUFG (Prop_bufg_I_O)         0.026     0.884 r  Clk_IBUF_BUFG_inst/O
                         net (fo=33, routed)          0.558     1.441    SlowClock0/Clk_IBUF_BUFG
    SLICE_X54Y19         FDRE                                         r  SlowClock0/Count_reg[3]/C
  -------------------------------------------------------------------    -------------------
    SLICE_X54Y19         FDRE (Prop_fdre_C_Q)         0.164     1.605 r  SlowClock0/Count_reg[3]/Q
                         net (fo=2, routed)           0.126     1.731    SlowClock0/Count[3]
    SLICE_X54Y19         CARRY4 (Prop_carry4_S[2]_O[2])
                                                      0.110     1.841 r  SlowClock0/Count0_carry/O[2]
                         net (fo=1, routed)           0.000     1.841    SlowClock0/data0[3]
    SLICE_X54Y19         FDRE                                         r  SlowClock0/Count_reg[3]/D
  -------------------------------------------------------------------    -------------------

                         (clock sys_clk_pin rise edge)
                                                      0.000     0.000 r  
    W5                                                0.000     0.000 r  Clk (IN)
                         net (fo=0)                   0.000     0.000    Clk
    W5                   IBUF (Prop_ibuf_I_O)         0.414     0.414 r  Clk_IBUF_inst/O
                         net (fo=1, routed)           0.685     1.099    Clk_IBUF
    BUFGCTRL_X0Y0        BUFG (Prop_bufg_I_O)         0.029     1.128 r  Clk_IBUF_BUFG_inst/O
                         net (fo=33, routed)          0.827     1.954    SlowClock0/Clk_IBUF_BUFG
    SLICE_X54Y19         FDRE                                         r  SlowClock0/Count_reg[3]/C
                         clock pessimism             -0.513     1.441    
    SLICE_X54Y19         FDRE (Hold_fdre_C_D)         0.134     1.575    SlowClock0/Count_reg[3]
  -------------------------------------------------------------------
                         required time                         -1.575    
                         arrival time                           1.841    
  -------------------------------------------------------------------
                         slack                                  0.266    

Slack (MET) :             0.266ns  (arrival time - required time)
  Source:                 SlowClock0/Count_reg[19]/C
                            (rising edge-triggered cell FDRE clocked by sys_clk_pin  {rise@0.000ns fall@5.000ns period=10.000ns})
  Destination:            SlowClock0/Count_reg[19]/D
                            (rising edge-triggered cell FDRE clocked by sys_clk_pin  {rise@0.000ns fall@5.000ns period=10.000ns})
  Path Group:             sys_clk_pin
  Path Type:              Hold (Min at Fast Process Corner)
  Requirement:            0.000ns  (sys_clk_pin rise@0.000ns - sys_clk_pin rise@0.000ns)
  Data Path Delay:        0.400ns  (logic 0.274ns (68.524%)  route 0.126ns (31.476%))
  Logic Levels:           1  (CARRY4=1)
  Clock Path Skew:        0.000ns (DCD - SCD - CPR)
    Destination Clock Delay (DCD):    1.949ns
    Source Clock Delay      (SCD):    1.437ns
    Clock Pessimism Removal (CPR):    0.512ns

    Location             Delay type                Incr(ns)  Path(ns)    Netlist Resource(s)
  -------------------------------------------------------------------    -------------------
                         (clock sys_clk_pin rise edge)
                                                      0.000     0.000 r  
    W5                                                0.000     0.000 r  Clk (IN)
                         net (fo=0)                   0.000     0.000    Clk
    W5                   IBUF (Prop_ibuf_I_O)         0.226     0.226 r  Clk_IBUF_inst/O
                         net (fo=1, routed)           0.631     0.858    Clk_IBUF
    BUFGCTRL_X0Y0        BUFG (Prop_bufg_I_O)         0.026     0.884 r  Clk_IBUF_BUFG_inst/O
                         net (fo=33, routed)          0.554     1.437    SlowClock0/Clk_IBUF_BUFG
    SLICE_X54Y23         FDRE                                         r  SlowClock0/Count_reg[19]/C
  -------------------------------------------------------------------    -------------------
    SLICE_X54Y23         FDRE (Prop_fdre_C_Q)         0.164     1.601 r  SlowClock0/Count_reg[19]/Q
                         net (fo=2, routed)           0.126     1.727    SlowClock0/Count[19]
    SLICE_X54Y23         CARRY4 (Prop_carry4_S[2]_O[2])
                                                      0.110     1.837 r  SlowClock0/Count0_carry__3/O[2]
                         net (fo=1, routed)           0.000     1.837    SlowClock0/data0[19]
    SLICE_X54Y23         FDRE                                         r  SlowClock0/Count_reg[19]/D
  -------------------------------------------------------------------    -------------------

                         (clock sys_clk_pin rise edge)
                                                      0.000     0.000 r  
    W5                                                0.000     0.000 r  Clk (IN)
                         net (fo=0)                   0.000     0.000    Clk
    W5                   IBUF (Prop_ibuf_I_O)         0.414     0.414 r  Clk_IBUF_inst/O
                         net (fo=1, routed)           0.685     1.099    Clk_IBUF
    BUFGCTRL_X0Y0        BUFG (Prop_bufg_I_O)         0.029     1.128 r  Clk_IBUF_BUFG_inst/O
                         net (fo=33, routed)          0.822     1.949    SlowClock0/Clk_IBUF_BUFG
    SLICE_X54Y23         FDRE                                         r  SlowClock0/Count_reg[19]/C
                         clock pessimism             -0.512     1.437    
    SLICE_X54Y23         FDRE (Hold_fdre_C_D)         0.134     1.571    SlowClock0/Count_reg[19]
  -------------------------------------------------------------------
                         required time                         -1.571    
                         arrival time                           1.837    
  -------------------------------------------------------------------
                         slack                                  0.266    

Slack (MET) :             0.266ns  (arrival time - required time)
  Source:                 SlowClock0/Count_reg[27]/C
                            (rising edge-triggered cell FDRE clocked by sys_clk_pin  {rise@0.000ns fall@5.000ns period=10.000ns})
  Destination:            SlowClock0/Count_reg[27]/D
                            (rising edge-triggered cell FDRE clocked by sys_clk_pin  {rise@0.000ns fall@5.000ns period=10.000ns})
  Path Group:             sys_clk_pin
  Path Type:              Hold (Min at Fast Process Corner)
  Requirement:            0.000ns  (sys_clk_pin rise@0.000ns - sys_clk_pin rise@0.000ns)
  Data Path Delay:        0.400ns  (logic 0.274ns (68.524%)  route 0.126ns (31.476%))
  Logic Levels:           1  (CARRY4=1)
  Clock Path Skew:        0.000ns (DCD - SCD - CPR)
    Destination Clock Delay (DCD):    1.948ns
    Source Clock Delay      (SCD):    1.436ns
    Clock Pessimism Removal (CPR):    0.512ns

    Location             Delay type                Incr(ns)  Path(ns)    Netlist Resource(s)
  -------------------------------------------------------------------    -------------------
                         (clock sys_clk_pin rise edge)
                                                      0.000     0.000 r  
    W5                                                0.000     0.000 r  Clk (IN)
                         net (fo=0)                   0.000     0.000    Clk
    W5                   IBUF (Prop_ibuf_I_O)         0.226     0.226 r  Clk_IBUF_inst/O
                         net (fo=1, routed)           0.631     0.858    Clk_IBUF
    BUFGCTRL_X0Y0        BUFG (Prop_bufg_I_O)         0.026     0.884 r  Clk_IBUF_BUFG_inst/O
                         net (fo=33, routed)          0.553     1.436    SlowClock0/Clk_IBUF_BUFG
    SLICE_X54Y25         FDRE                                         r  SlowClock0/Count_reg[27]/C
  -------------------------------------------------------------------    -------------------
    SLICE_X54Y25         FDRE (Prop_fdre_C_Q)         0.164     1.600 r  SlowClock0/Count_reg[27]/Q
                         net (fo=2, routed)           0.126     1.726    SlowClock0/Count[27]
    SLICE_X54Y25         CARRY4 (Prop_carry4_S[2]_O[2])
                                                      0.110     1.836 r  SlowClock0/Count0_carry__5/O[2]
                         net (fo=1, routed)           0.000     1.836    SlowClock0/data0[27]
    SLICE_X54Y25         FDRE                                         r  SlowClock0/Count_reg[27]/D
  -------------------------------------------------------------------    -------------------

                         (clock sys_clk_pin rise edge)
                                                      0.000     0.000 r  
    W5                                                0.000     0.000 r  Clk (IN)
                         net (fo=0)                   0.000     0.000    Clk
    W5                   IBUF (Prop_ibuf_I_O)         0.414     0.414 r  Clk_IBUF_inst/O
                         net (fo=1, routed)           0.685     1.099    Clk_IBUF
    BUFGCTRL_X0Y0        BUFG (Prop_bufg_I_O)         0.029     1.128 r  Clk_IBUF_BUFG_inst/O
                         net (fo=33, routed)          0.821     1.948    SlowClock0/Clk_IBUF_BUFG
    SLICE_X54Y25         FDRE                                         r  SlowClock0/Count_reg[27]/C
                         clock pessimism             -0.512     1.436    
    SLICE_X54Y25         FDRE (Hold_fdre_C_D)         0.134     1.570    SlowClock0/Count_reg[27]
  -------------------------------------------------------------------
                         required time                         -1.570    
                         arrival time                           1.836    
  -------------------------------------------------------------------
                         slack                                  0.266    

Slack (MET) :             0.283ns  (arrival time - required time)
  Source:                 SlowClock0/Count_reg[0]/C
                            (rising edge-triggered cell FDRE clocked by sys_clk_pin  {rise@0.000ns fall@5.000ns period=10.000ns})
  Destination:            SlowClock0/Count_reg[1]/D
                            (rising edge-triggered cell FDRE clocked by sys_clk_pin  {rise@0.000ns fall@5.000ns period=10.000ns})
  Path Group:             sys_clk_pin
  Path Type:              Hold (Min at Fast Process Corner)
  Requirement:            0.000ns  (sys_clk_pin rise@0.000ns - sys_clk_pin rise@0.000ns)
  Data Path Delay:        0.430ns  (logic 0.299ns (69.611%)  route 0.131ns (30.389%))
  Logic Levels:           1  (CARRY4=1)
  Clock Path Skew:        0.013ns (DCD - SCD - CPR)
    Destination Clock Delay (DCD):    1.954ns
    Source Clock Delay      (SCD):    1.441ns
    Clock Pessimism Removal (CPR):    0.500ns

    Location             Delay type                Incr(ns)  Path(ns)    Netlist Resource(s)
  -------------------------------------------------------------------    -------------------
                         (clock sys_clk_pin rise edge)
                                                      0.000     0.000 r  
    W5                                                0.000     0.000 r  Clk (IN)
                         net (fo=0)                   0.000     0.000    Clk
    W5                   IBUF (Prop_ibuf_I_O)         0.226     0.226 r  Clk_IBUF_inst/O
                         net (fo=1, routed)           0.631     0.858    Clk_IBUF
    BUFGCTRL_X0Y0        BUFG (Prop_bufg_I_O)         0.026     0.884 r  Clk_IBUF_BUFG_inst/O
                         net (fo=33, routed)          0.558     1.441    SlowClock0/Clk_IBUF_BUFG
    SLICE_X55Y19         FDRE                                         r  SlowClock0/Count_reg[0]/C
  -------------------------------------------------------------------    -------------------
    SLICE_X55Y19         FDRE (Prop_fdre_C_Q)         0.141     1.582 r  SlowClock0/Count_reg[0]/Q
                         net (fo=3, routed)           0.131     1.713    SlowClock0/Count[0]
    SLICE_X54Y19         CARRY4 (Prop_carry4_CYINIT_O[0])
                                                      0.158     1.871 r  SlowClock0/Count0_carry/O[0]
                         net (fo=1, routed)           0.000     1.871    SlowClock0/data0[1]
    SLICE_X54Y19         FDRE                                         r  SlowClock0/Count_reg[1]/D
  -------------------------------------------------------------------    -------------------

                         (clock sys_clk_pin rise edge)
                                                      0.000     0.000 r  
    W5                                                0.000     0.000 r  Clk (IN)
                         net (fo=0)                   0.000     0.000    Clk
    W5                   IBUF (Prop_ibuf_I_O)         0.414     0.414 r  Clk_IBUF_inst/O
                         net (fo=1, routed)           0.685     1.099    Clk_IBUF
    BUFGCTRL_X0Y0        BUFG (Prop_bufg_I_O)         0.029     1.128 r  Clk_IBUF_BUFG_inst/O
                         net (fo=33, routed)          0.827     1.954    SlowClock0/Clk_IBUF_BUFG
    SLICE_X54Y19         FDRE                                         r  SlowClock0/Count_reg[1]/C
                         clock pessimism             -0.500     1.454    
    SLICE_X54Y19         FDRE (Hold_fdre_C_D)         0.134     1.588    SlowClock0/Count_reg[1]
  -------------------------------------------------------------------
                         required time                         -1.588    
                         arrival time                           1.871    
  -------------------------------------------------------------------
                         slack                                  0.283    

Slack (MET) :             0.301ns  (arrival time - required time)
  Source:                 SlowClock0/Count_reg[15]/C
                            (rising edge-triggered cell FDRE clocked by sys_clk_pin  {rise@0.000ns fall@5.000ns period=10.000ns})
  Destination:            SlowClock0/Count_reg[16]/D
                            (rising edge-triggered cell FDRE clocked by sys_clk_pin  {rise@0.000ns fall@5.000ns period=10.000ns})
  Path Group:             sys_clk_pin
  Path Type:              Hold (Min at Fast Process Corner)
  Requirement:            0.000ns  (sys_clk_pin rise@0.000ns - sys_clk_pin rise@0.000ns)
  Data Path Delay:        0.435ns  (logic 0.310ns (71.185%)  route 0.125ns (28.815%))
  Logic Levels:           1  (CARRY4=1)
  Clock Path Skew:        0.000ns (DCD - SCD - CPR)
    Destination Clock Delay (DCD):    1.951ns
    Source Clock Delay      (SCD):    1.439ns
    Clock Pessimism Removal (CPR):    0.512ns

    Location             Delay type                Incr(ns)  Path(ns)    Netlist Resource(s)
  -------------------------------------------------------------------    -------------------
                         (clock sys_clk_pin rise edge)
                                                      0.000     0.000 r  
    W5                                                0.000     0.000 r  Clk (IN)
                         net (fo=0)                   0.000     0.000    Clk
    W5                   IBUF (Prop_ibuf_I_O)         0.226     0.226 r  Clk_IBUF_inst/O
                         net (fo=1, routed)           0.631     0.858    Clk_IBUF
    BUFGCTRL_X0Y0        BUFG (Prop_bufg_I_O)         0.026     0.884 r  Clk_IBUF_BUFG_inst/O
                         net (fo=33, routed)          0.556     1.439    SlowClock0/Clk_IBUF_BUFG
    SLICE_X54Y22         FDRE                                         r  SlowClock0/Count_reg[15]/C
  -------------------------------------------------------------------    -------------------
    SLICE_X54Y22         FDRE (Prop_fdre_C_Q)         0.164     1.603 r  SlowClock0/Count_reg[15]/Q
                         net (fo=2, routed)           0.125     1.729    SlowClock0/Count[15]
    SLICE_X54Y22         CARRY4 (Prop_carry4_S[2]_O[3])
                                                      0.146     1.875 r  SlowClock0/Count0_carry__2/O[3]
                         net (fo=1, routed)           0.000     1.875    SlowClock0/data0[16]
    SLICE_X54Y22         FDRE                                         r  SlowClock0/Count_reg[16]/D
  -------------------------------------------------------------------    -------------------

                         (clock sys_clk_pin rise edge)
                                                      0.000     0.000 r  
    W5                                                0.000     0.000 r  Clk (IN)
                         net (fo=0)                   0.000     0.000    Clk
    W5                   IBUF (Prop_ibuf_I_O)         0.414     0.414 r  Clk_IBUF_inst/O
                         net (fo=1, routed)           0.685     1.099    Clk_IBUF
    BUFGCTRL_X0Y0        BUFG (Prop_bufg_I_O)         0.029     1.128 r  Clk_IBUF_BUFG_inst/O
                         net (fo=33, routed)          0.824     1.951    SlowClock0/Clk_IBUF_BUFG
    SLICE_X54Y22         FDRE                                         r  SlowClock0/Count_reg[16]/C
                         clock pessimism             -0.512     1.439    
    SLICE_X54Y22         FDRE (Hold_fdre_C_D)         0.134     1.573    SlowClock0/Count_reg[16]
  -------------------------------------------------------------------
                         required time                         -1.573    
                         arrival time                           1.875    
  -------------------------------------------------------------------
                         slack                                  0.301    

Slack (MET) :             0.301ns  (arrival time - required time)
  Source:                 SlowClock0/Count_reg[7]/C
                            (rising edge-triggered cell FDRE clocked by sys_clk_pin  {rise@0.000ns fall@5.000ns period=10.000ns})
  Destination:            SlowClock0/Count_reg[8]/D
                            (rising edge-triggered cell FDRE clocked by sys_clk_pin  {rise@0.000ns fall@5.000ns period=10.000ns})
  Path Group:             sys_clk_pin
  Path Type:              Hold (Min at Fast Process Corner)
  Requirement:            0.000ns  (sys_clk_pin rise@0.000ns - sys_clk_pin rise@0.000ns)
  Data Path Delay:        0.435ns  (logic 0.310ns (71.185%)  route 0.125ns (28.815%))
  Logic Levels:           1  (CARRY4=1)
  Clock Path Skew:        0.000ns (DCD - SCD - CPR)
    Destination Clock Delay (DCD):    1.953ns
    Source Clock Delay      (SCD):    1.440ns
    Clock Pessimism Removal (CPR):    0.513ns

    Location             Delay type                Incr(ns)  Path(ns)    Netlist Resource(s)
  -------------------------------------------------------------------    -------------------
                         (clock sys_clk_pin rise edge)
                                                      0.000     0.000 r  
    W5                                                0.000     0.000 r  Clk (IN)
                         net (fo=0)                   0.000     0.000    Clk
    W5                   IBUF (Prop_ibuf_I_O)         0.226     0.226 r  Clk_IBUF_inst/O
                         net (fo=1, routed)           0.631     0.858    Clk_IBUF
    BUFGCTRL_X0Y0        BUFG (Prop_bufg_I_O)         0.026     0.884 r  Clk_IBUF_BUFG_inst/O
                         net (fo=33, routed)          0.557     1.440    SlowClock0/Clk_IBUF_BUFG
    SLICE_X54Y20         FDRE                                         r  SlowClock0/Count_reg[7]/C
  -------------------------------------------------------------------    -------------------
    SLICE_X54Y20         FDRE (Prop_fdre_C_Q)         0.164     1.604 r  SlowClock0/Count_reg[7]/Q
                         net (fo=2, routed)           0.125     1.730    SlowClock0/Count[7]
    SLICE_X54Y20         CARRY4 (Prop_carry4_S[2]_O[3])
                                                      0.146     1.876 r  SlowClock0/Count0_carry__0/O[3]
                         net (fo=1, routed)           0.000     1.876    SlowClock0/data0[8]
    SLICE_X54Y20         FDRE                                         r  SlowClock0/Count_reg[8]/D
  -------------------------------------------------------------------    -------------------

                         (clock sys_clk_pin rise edge)
                                                      0.000     0.000 r  
    W5                                                0.000     0.000 r  Clk (IN)
                         net (fo=0)                   0.000     0.000    Clk
    W5                   IBUF (Prop_ibuf_I_O)         0.414     0.414 r  Clk_IBUF_inst/O
                         net (fo=1, routed)           0.685     1.099    Clk_IBUF
    BUFGCTRL_X0Y0        BUFG (Prop_bufg_I_O)         0.029     1.128 r  Clk_IBUF_BUFG_inst/O
                         net (fo=33, routed)          0.826     1.953    SlowClock0/Clk_IBUF_BUFG
    SLICE_X54Y20         FDRE                                         r  SlowClock0/Count_reg[8]/C
                         clock pessimism             -0.513     1.440    
    SLICE_X54Y20         FDRE (Hold_fdre_C_D)         0.134     1.574    SlowClock0/Count_reg[8]
  -------------------------------------------------------------------
                         required time                         -1.574    
                         arrival time                           1.876    
  -------------------------------------------------------------------
                         slack                                  0.301    

Slack (MET) :             0.302ns  (arrival time - required time)
  Source:                 SlowClock0/Count_reg[3]/C
                            (rising edge-triggered cell FDRE clocked by sys_clk_pin  {rise@0.000ns fall@5.000ns period=10.000ns})
  Destination:            SlowClock0/Count_reg[4]/D
                            (rising edge-triggered cell FDRE clocked by sys_clk_pin  {rise@0.000ns fall@5.000ns period=10.000ns})
  Path Group:             sys_clk_pin
  Path Type:              Hold (Min at Fast Process Corner)
  Requirement:            0.000ns  (sys_clk_pin rise@0.000ns - sys_clk_pin rise@0.000ns)
  Data Path Delay:        0.436ns  (logic 0.310ns (71.158%)  route 0.126ns (28.842%))
  Logic Levels:           1  (CARRY4=1)
  Clock Path Skew:        0.000ns (DCD - SCD - CPR)
    Destination Clock Delay (DCD):    1.954ns
    Source Clock Delay      (SCD):    1.441ns
    Clock Pessimism Removal (CPR):    0.513ns

    Location             Delay type                Incr(ns)  Path(ns)    Netlist Resource(s)
  -------------------------------------------------------------------    -------------------
                         (clock sys_clk_pin rise edge)
                                                      0.000     0.000 r  
    W5                                                0.000     0.000 r  Clk (IN)
                         net (fo=0)                   0.000     0.000    Clk
    W5                   IBUF (Prop_ibuf_I_O)         0.226     0.226 r  Clk_IBUF_inst/O
                         net (fo=1, routed)           0.631     0.858    Clk_IBUF
    BUFGCTRL_X0Y0        BUFG (Prop_bufg_I_O)         0.026     0.884 r  Clk_IBUF_BUFG_inst/O
                         net (fo=33, routed)          0.558     1.441    SlowClock0/Clk_IBUF_BUFG
    SLICE_X54Y19         FDRE                                         r  SlowClock0/Count_reg[3]/C
  -------------------------------------------------------------------    -------------------
    SLICE_X54Y19         FDRE (Prop_fdre_C_Q)         0.164     1.605 r  SlowClock0/Count_reg[3]/Q
                         net (fo=2, routed)           0.126     1.731    SlowClock0/Count[3]
    SLICE_X54Y19         CARRY4 (Prop_carry4_S[2]_O[3])
                                                      0.146     1.877 r  SlowClock0/Count0_carry/O[3]
                         net (fo=1, routed)           0.000     1.877    SlowClock0/data0[4]
    SLICE_X54Y19         FDRE                                         r  SlowClock0/Count_reg[4]/D
  -------------------------------------------------------------------    -------------------

                         (clock sys_clk_pin rise edge)
                                                      0.000     0.000 r  
    W5                                                0.000     0.000 r  Clk (IN)
                         net (fo=0)                   0.000     0.000    Clk
    W5                   IBUF (Prop_ibuf_I_O)         0.414     0.414 r  Clk_IBUF_inst/O
                         net (fo=1, routed)           0.685     1.099    Clk_IBUF
    BUFGCTRL_X0Y0        BUFG (Prop_bufg_I_O)         0.029     1.128 r  Clk_IBUF_BUFG_inst/O
                         net (fo=33, routed)          0.827     1.954    SlowClock0/Clk_IBUF_BUFG
    SLICE_X54Y19         FDRE                                         r  SlowClock0/Count_reg[4]/C
                         clock pessimism             -0.513     1.441    
    SLICE_X54Y19         FDRE (Hold_fdre_C_D)         0.134     1.575    SlowClock0/Count_reg[4]
  -------------------------------------------------------------------
                         required time                         -1.575    
                         arrival time                           1.877    
  -------------------------------------------------------------------
                         slack                                  0.302    





Pulse Width Checks
--------------------------------------------------------------------------------------
Clock Name:         sys_clk_pin
Waveform(ns):       { 0.000 5.000 }
Period(ns):         10.000
Sources:            { Clk }

Check Type        Corner  Lib Pin  Reference Pin  Required(ns)  Actual(ns)  Slack(ns)  Location       Pin
Min Period        n/a     BUFG/I   n/a            2.155         10.000      7.845      BUFGCTRL_X0Y0  Clk_IBUF_BUFG_inst/I
Min Period        n/a     FDRE/C   n/a            1.000         10.000      9.000      SLICE_X55Y19   SlowClock0/Count_reg[0]/C
Min Period        n/a     FDRE/C   n/a            1.000         10.000      9.000      SLICE_X54Y21   SlowClock0/Count_reg[10]/C
Min Period        n/a     FDRE/C   n/a            1.000         10.000      9.000      SLICE_X54Y21   SlowClock0/Count_reg[11]/C
Min Period        n/a     FDRE/C   n/a            1.000         10.000      9.000      SLICE_X54Y21   SlowClock0/Count_reg[12]/C
Min Period        n/a     FDRE/C   n/a            1.000         10.000      9.000      SLICE_X54Y22   SlowClock0/Count_reg[13]/C
Min Period        n/a     FDRE/C   n/a            1.000         10.000      9.000      SLICE_X54Y22   SlowClock0/Count_reg[14]/C
Min Period        n/a     FDRE/C   n/a            1.000         10.000      9.000      SLICE_X54Y22   SlowClock0/Count_reg[15]/C
Min Period        n/a     FDRE/C   n/a            1.000         10.000      9.000      SLICE_X54Y22   SlowClock0/Count_reg[16]/C
Min Period        n/a     FDRE/C   n/a            1.000         10.000      9.000      SLICE_X54Y23   SlowClock0/Count_reg[17]/C
Low Pulse Width   Fast    FDRE/C   n/a            0.500         5.000       4.500      SLICE_X54Y24   SlowClock0/Count_reg[21]/C
Low Pulse Width   Fast    FDRE/C   n/a            0.500         5.000       4.500      SLICE_X54Y24   SlowClock0/Count_reg[22]/C
Low Pulse Width   Fast    FDRE/C   n/a            0.500         5.000       4.500      SLICE_X54Y24   SlowClock0/Count_reg[23]/C
Low Pulse Width   Fast    FDRE/C   n/a            0.500         5.000       4.500      SLICE_X54Y24   SlowClock0/Count_reg[24]/C
Low Pulse Width   Fast    FDRE/C   n/a            0.500         5.000       4.500      SLICE_X54Y25   SlowClock0/Count_reg[25]/C
Low Pulse Width   Fast    FDRE/C   n/a            0.500         5.000       4.500      SLICE_X54Y25   SlowClock0/Count_reg[26]/C
Low Pulse Width   Fast    FDRE/C   n/a            0.500         5.000       4.500      SLICE_X54Y25   SlowClock0/Count_reg[27]/C
Low Pulse Width   Fast    FDRE/C   n/a            0.500         5.000       4.500      SLICE_X54Y25   SlowClock0/Count_reg[28]/C
Low Pulse Width   Fast    FDRE/C   n/a            0.500         5.000       4.500      SLICE_X54Y21   SlowClock0/Count_reg[10]/C
Low Pulse Width   Fast    FDRE/C   n/a            0.500         5.000       4.500      SLICE_X54Y21   SlowClock0/Count_reg[11]/C
High Pulse Width  Slow    FDRE/C   n/a            0.500         5.000       4.500      SLICE_X55Y19   SlowClock0/Count_reg[0]/C
High Pulse Width  Slow    FDRE/C   n/a            0.500         5.000       4.500      SLICE_X54Y21   SlowClock0/Count_reg[10]/C
High Pulse Width  Slow    FDRE/C   n/a            0.500         5.000       4.500      SLICE_X54Y21   SlowClock0/Count_reg[11]/C
High Pulse Width  Slow    FDRE/C   n/a            0.500         5.000       4.500      SLICE_X54Y21   SlowClock0/Count_reg[12]/C
High Pulse Width  Fast    FDRE/C   n/a            0.500         5.000       4.500      SLICE_X54Y22   SlowClock0/Count_reg[13]/C
High Pulse Width  Fast    FDRE/C   n/a            0.500         5.000       4.500      SLICE_X54Y22   SlowClock0/Count_reg[14]/C
High Pulse Width  Fast    FDRE/C   n/a            0.500         5.000       4.500      SLICE_X54Y22   SlowClock0/Count_reg[15]/C
High Pulse Width  Fast    FDRE/C   n/a            0.500         5.000       4.500      SLICE_X54Y22   SlowClock0/Count_reg[16]/C
High Pulse Width  Slow    FDRE/C   n/a            0.500         5.000       4.500      SLICE_X54Y19   SlowClock0/Count_reg[1]/C
High Pulse Width  Slow    FDRE/C   n/a            0.500         5.000       4.500      SLICE_X54Y19   SlowClock0/Count_reg[2]/C



