#-----------------------------------------------------------
# Vivado v2018.2 (64-bit)
# SW Build 2258646 on Thu Jun 14 20:03:12 MDT 2018
# IP Build 2256618 on Thu Jun 14 22:10:49 MDT 2018
# Start of session at: Fri Jul 29 08:55:17 2022
# Process ID: 4116
# Current directory: C:/Users/Asus/Desktop/NANO_UPLOADED
# Command line: vivado.exe -gui_launcher_event rodinguilauncherevent8688 C:\Users\Asus\Desktop\NANO_UPLOADED\NanoProcessor.xpr
# Log file: C:/Users/Asus/Desktop/NANO_UPLOADED/vivado.log
# Journal file: C:/Users/Asus/Desktop/NANO_UPLOADED\vivado.jou
#-----------------------------------------------------------
start_gui
open_project C:/Users/Asus/Desktop/NANO_UPLOADED/NanoProcessor.xpr
Scanning sources...
Finished scanning sources
INFO: [IP_Flow 19-234] Refreshing IP repositories
INFO: [IP_Flow 19-1704] No user IP repositories specified
INFO: [IP_Flow 19-2313] Loaded Vivado IP repository 'C:/Xilinx/Vivado/2018.2/data/ip'.
open_project: Time (s): cpu = 00:00:12 ; elapsed = 00:00:07 . Memory (MB): peak = 965.742 ; gain = 207.809
update_compile_order -fileset sources_1
launch_runs impl_1 -to_step write_bitstream -jobs 8
[Fri Jul 29 08:55:53 2022] Launched impl_1...
Run output will be captured here: C:/Users/Asus/Desktop/NANO_UPLOADED/NanoProcessor.runs/impl_1/runme.log
open_run impl_1
INFO: [Netlist 29-17] Analyzing 10 Unisim elements for replacement
INFO: [Netlist 29-28] Unisim Transformation completed in 0 CPU seconds
INFO: [Project 1-479] Netlist was created with Vivado 2018.2
INFO: [Device 21-403] Loading part xc7a35tcpg236-1
INFO: [Project 1-570] Preparing netlist for logic optimization
INFO: [Timing 38-478] Restoring timing data from binary archive.
INFO: [Timing 38-479] Binary timing data restore complete.
INFO: [Project 1-856] Restoring constraints from binary archive.
INFO: [Project 1-853] Binary constraint restore complete.
Reading XDEF placement.
Reading placer database...
Reading XDEF routing.
Read XDEF File: Time (s): cpu = 00:00:00 ; elapsed = 00:00:00.045 . Memory (MB): peak = 1804.535 ; gain = 0.000
Restored from archive | CPU: 0.000000 secs | Memory: 0.000000 MB |
Finished XDEF File Restore: Time (s): cpu = 00:00:00 ; elapsed = 00:00:00.045 . Memory (MB): peak = 1804.535 ; gain = 0.000
INFO: [Project 1-111] Unisim Transformation Summary:
No Unisim elements were transformed.

open_run: Time (s): cpu = 00:00:25 ; elapsed = 00:00:21 . Memory (MB): peak = 1893.062 ; gain = 903.496
launch_simulation
INFO: [Vivado 12-5682] Launching behavioral simulation in 'C:/Users/Asus/Desktop/NANO_UPLOADED/NanoProcessor.sim/sim_1/behav/xsim'
INFO: [SIM-utils-51] Simulation object is 'sim_1'
INFO: [SIM-utils-54] Inspecting design source files for 'System_sim' in fileset 'sim_1'...
INFO: [USF-XSim-97] Finding global include files...
INFO: [USF-XSim-98] Fetching design files from 'sim_1'...
INFO: [USF-XSim-2] XSim::Compile design
INFO: [USF-XSim-61] Executing 'COMPILE and ANALYZE' step in 'C:/Users/Asus/Desktop/NANO_UPLOADED/NanoProcessor.sim/sim_1/behav/xsim'
"xvhdl --incr --relax -prj System_sim_vhdl.prj"
INFO: [VRFC 10-163] Analyzing VHDL file "C:/Users/Asus/Desktop/NANO_UPLOADED/NanoProcessor.srcs/sources_1/new/System.vhd" into library xil_defaultlib
INFO: [VRFC 10-307] analyzing entity System
INFO: [VRFC 10-163] Analyzing VHDL file "C:/Users/Asus/Desktop/NANO_UPLOADED/NanoProcessor.srcs/sim_1/new/System_sim.vhd" into library xil_defaultlib
INFO: [VRFC 10-307] analyzing entity System_sim
INFO: [USF-XSim-69] 'compile' step finished in '1' seconds
INFO: [USF-XSim-3] XSim::Elaborate design
INFO: [USF-XSim-61] Executing 'ELABORATE' step in 'C:/Users/Asus/Desktop/NANO_UPLOADED/NanoProcessor.sim/sim_1/behav/xsim'
Vivado Simulator 2018.2
Copyright 1986-1999, 2001-2018 Xilinx, Inc. All Rights Reserved.
Running: C:/Xilinx/Vivado/2018.2/bin/unwrapped/win64.o/xelab.exe -wto 1b8bd39790a345629db8c1cda2b91569 --incr --debug typical --relax --mt 2 -L xil_defaultlib -L secureip --snapshot System_sim_behav xil_defaultlib.System_sim -log elaborate.log 
Using 2 slave threads.
Starting static elaboration
Completed static elaboration
Starting simulation data flow analysis
Completed simulation data flow analysis
Time Resolution for simulation is 1ps
Compiling package std.standard
Compiling package std.textio
Compiling package ieee.std_logic_1164
Compiling package ieee.numeric_std
Compiling architecture behavioral of entity xil_defaultlib.LUT_16_7 [lut_16_7_default]
Compiling architecture behavioral of entity xil_defaultlib.SlowClock [slowclock_default]
Compiling architecture behavioral of entity xil_defaultlib.REG_3_BIT [reg_3_bit_default]
Compiling architecture behavioral of entity xil_defaultlib.HA [ha_default]
Compiling architecture behavioral of entity xil_defaultlib.FA [fa_default]
Compiling architecture behavioral of entity xil_defaultlib.Adder_3_bit [adder_3_bit_default]
Compiling architecture behavioral of entity xil_defaultlib.Mux_2_to_1_3bit [mux_2_to_1_3bit_default]
Compiling architecture behavioral of entity xil_defaultlib.ROMNew [romnew_default]
Compiling architecture behavioral of entity xil_defaultlib.Decoder_2_to_4 [decoder_2_to_4_default]
Compiling architecture behavioral of entity xil_defaultlib.InstructionDecoderNew [instructiondecodernew_default]
Compiling architecture behavioral of entity xil_defaultlib.MUX2_1_4bit [mux2_1_4bit_default]
Compiling architecture behavioral of entity xil_defaultlib.REG_4_BIT [reg_4_bit_default]
Compiling architecture behavioral of entity xil_defaultlib.Decoder_3_to_8 [decoder_3_to_8_default]
Compiling architecture behavioral of entity xil_defaultlib.RegisterBank [registerbank_default]
Compiling architecture behavioral of entity xil_defaultlib.Mux_8_to_1 [mux_8_to_1_default]
Compiling architecture behavioral of entity xil_defaultlib.ASUnit [asunit_default]
Compiling architecture behavioral of entity xil_defaultlib.NanoProcessor [nanoprocessor_default]
Compiling architecture behavioral of entity xil_defaultlib.System [system_default]
Compiling architecture behavioral of entity xil_defaultlib.system_sim
Built simulation snapshot System_sim_behav
INFO: [USF-XSim-69] 'elaborate' step finished in '2' seconds
INFO: [USF-XSim-4] XSim::Simulate design
INFO: [USF-XSim-61] Executing 'SIMULATE' step in 'C:/Users/Asus/Desktop/NANO_UPLOADED/NanoProcessor.sim/sim_1/behav/xsim'
INFO: [USF-XSim-98] *** Running xsim
   with args "System_sim_behav -key {Behavioral:sim_1:Functional:System_sim} -tclbatch {System_sim.tcl} -log {simulate.log}"
INFO: [USF-XSim-8] Loading simulator feature
Vivado Simulator 2018.2
Time resolution is 1 ps
source System_sim.tcl
# set curr_wave [current_wave_config]
# if { [string length $curr_wave] == 0 } {
#   if { [llength [get_objects]] > 0} {
#     add_wave /
#     set_property needs_save false [current_wave_config]
#   } else {
#      send_msg_id Add_Wave-1 WARNING "No top level signals found. Simulator will start without a wave window. If you want to open a wave window go to 'File->New Waveform Configuration' or type 'create_wave_config' in the TCL console."
#   }
# }
# run 1000ns
xsim: Time (s): cpu = 00:00:04 ; elapsed = 00:00:05 . Memory (MB): peak = 1922.770 ; gain = 0.000
INFO: [USF-XSim-96] XSim completed. Design snapshot 'System_sim_behav' loaded.
INFO: [USF-XSim-97] XSim simulation ran for 1000ns
launch_simulation: Time (s): cpu = 00:00:05 ; elapsed = 00:00:10 . Memory (MB): peak = 1922.770 ; gain = 0.000
reset_run synth_1
WARNING: [Vivado 12-1017] Problems encountered:
1. Failed to delete one or more files in run directory C:/Users/Asus/Desktop/NANO_UPLOADED/NanoProcessor.runs/synth_1

launch_runs impl_1 -to_step write_bitstream -jobs 8
[Fri Jul 29 09:00:16 2022] Launched synth_1...
Run output will be captured here: C:/Users/Asus/Desktop/NANO_UPLOADED/NanoProcessor.runs/synth_1/runme.log
[Fri Jul 29 09:00:16 2022] Launched impl_1...
Run output will be captured here: C:/Users/Asus/Desktop/NANO_UPLOADED/NanoProcessor.runs/impl_1/runme.log
open_hw
file copy -force C:/Users/Asus/Desktop/NANO_UPLOADED/NanoProcessor.runs/impl_1/System.bit C:/Users/Asus/Desktop/NANO_UPLOADED/Group28.bit
close_sim
INFO: [Simtcl 6-16] Simulation closed
exit
INFO: [Common 17-206] Exiting Vivado at Fri Jul 29 09:03:13 2022...
